Internal Server Error: /main/
Traceback (most recent call last):
  File "C:\KTU_PS\Bakalauras\FolklorasProj\venv1\Lib\site-packages\django\template\base.py", line 875, in _resolve_lookup
    current = current[bit]
              ~~~~~~~^^^^^
TypeError: 'Renginys' object is not subscriptable

During handling of the above exception, another exception occurred:

Traceback (most recent call last):
  File "C:\KTU_PS\Bakalauras\FolklorasProj\venv1\Lib\site-packages\django\template\base.py", line 885, in _resolve_lookup
    current = getattr(current, bit)
AttributeError: 'Renginys' object has no attribute 'data'

During handling of the above exception, another exception occurred:

Traceback (most recent call last):
  File "C:\KTU_PS\Bakalauras\FolklorasProj\venv1\Lib\site-packages\django\template\base.py", line 891, in _resolve_lookup
    current = current[int(bit)]
                      ~~~^^^^^
ValueError: invalid literal for int() with base 10: 'data'

During handling of the above exception, another exception occurred:

Traceback (most recent call last):
  File "C:\KTU_PS\Bakalauras\FolklorasProj\venv1\Lib\site-packages\django\core\handlers\exception.py", line 55, in inner
    response = get_response(request)
  File "C:\KTU_PS\Bakalauras\FolklorasProj\venv1\Lib\site-packages\django\core\handlers\base.py", line 197, in _get_response
    response = wrapped_callback(request, *callback_args, **callback_kwargs)
  File "C:\KTU_PS\Bakalauras\FolklorasProj\mainPage\views.py", line 29, in main_page
    return render(request, 'main.html', context)
  File "C:\KTU_PS\Bakalauras\FolklorasProj\venv1\Lib\site-packages\django\shortcuts.py", line 25, in render
    content = loader.render_to_string(template_name, context, request, using=using)
  File "C:\KTU_PS\Bakalauras\FolklorasProj\venv1\Lib\site-packages\django\template\loader.py", line 62, in render_to_string
    return template.render(context, request)
           ~~~~~~~~~~~~~~~^^^^^^^^^^^^^^^^^^
  File "C:\KTU_PS\Bakalauras\FolklorasProj\venv1\Lib\site-packages\django\template\backends\django.py", line 61, in render
    return self.template.render(context)
           ~~~~~~~~~~~~~~~~~~~~^^^^^^^^^
  File "C:\KTU_PS\Bakalauras\FolklorasProj\venv1\Lib\site-packages\django\template\base.py", line 171, in render
    return self._render(context)
           ~~~~~~~~~~~~^^^^^^^^^
  File "C:\KTU_PS\Bakalauras\FolklorasProj\venv1\Lib\site-packages\django\template\base.py", line 163, in _render
    return self.nodelist.render(context)
           ~~~~~~~~~~~~~~~~~~~~^^^^^^^^^
  File "C:\KTU_PS\Bakalauras\FolklorasProj\venv1\Lib\site-packages\django\template\base.py", line 1000, in render
    return SafeString("".join([node.render_annotated(context) for node in self]))
                               ~~~~~~~~~~~~~~~~~~~~~^^^^^^^^^
  File "C:\KTU_PS\Bakalauras\FolklorasProj\venv1\Lib\site-packages\django\template\base.py", line 961, in render_annotated
    return self.render(context)
           ~~~~~~~~~~~^^^^^^^^^
  File "C:\KTU_PS\Bakalauras\FolklorasProj\venv1\Lib\site-packages\django\template\loader_tags.py", line 159, in render
    return compiled_parent._render(context)
           ~~~~~~~~~~~~~~~~~~~~~~~^^^^^^^^^
  File "C:\KTU_PS\Bakalauras\FolklorasProj\venv1\Lib\site-packages\django\template\base.py", line 163, in _render
    return self.nodelist.render(context)
           ~~~~~~~~~~~~~~~~~~~~^^^^^^^^^
  File "C:\KTU_PS\Bakalauras\FolklorasProj\venv1\Lib\site-packages\django\template\base.py", line 1000, in render
    return SafeString("".join([node.render_annotated(context) for node in self]))
                               ~~~~~~~~~~~~~~~~~~~~~^^^^^^^^^
  File "C:\KTU_PS\Bakalauras\FolklorasProj\venv1\Lib\site-packages\django\template\base.py", line 961, in render_annotated
    return self.render(context)
           ~~~~~~~~~~~^^^^^^^^^
  File "C:\KTU_PS\Bakalauras\FolklorasProj\venv1\Lib\site-packages\django\template\loader_tags.py", line 65, in render
    result = block.nodelist.render(context)
  File "C:\KTU_PS\Bakalauras\FolklorasProj\venv1\Lib\site-packages\django\template\base.py", line 1000, in render
    return SafeString("".join([node.render_annotated(context) for node in self]))
                               ~~~~~~~~~~~~~~~~~~~~~^^^^^^^^^
  File "C:\KTU_PS\Bakalauras\FolklorasProj\venv1\Lib\site-packages\django\template\base.py", line 961, in render_annotated
    return self.render(context)
           ~~~~~~~~~~~^^^^^^^^^
  File "C:\KTU_PS\Bakalauras\FolklorasProj\venv1\Lib\site-packages\django\template\defaulttags.py", line 242, in render
    nodelist.append(node.render_annotated(context))
                    ~~~~~~~~~~~~~~~~~~~~~^^^^^^^^^
  File "C:\KTU_PS\Bakalauras\FolklorasProj\venv1\Lib\site-packages\django\template\base.py", line 961, in render_annotated
    return self.render(context)
           ~~~~~~~~~~~^^^^^^^^^
  File "C:\KTU_PS\Bakalauras\FolklorasProj\venv1\Lib\site-packages\django\template\base.py", line 1059, in render
    output = self.filter_expression.resolve(context)
  File "C:\KTU_PS\Bakalauras\FolklorasProj\venv1\Lib\site-packages\django\template\base.py", line 731, in resolve
    arg_vals.append(arg.resolve(context))
                    ~~~~~~~~~~~^^^^^^^^^
  File "C:\KTU_PS\Bakalauras\FolklorasProj\venv1\Lib\site-packages\django\template\base.py", line 842, in resolve
    value = self._resolve_lookup(context)
  File "C:\KTU_PS\Bakalauras\FolklorasProj\venv1\Lib\site-packages\django\template\base.py", line 898, in _resolve_lookup
    raise VariableDoesNotExist(
    ^^^^^^^^^^^^^^^^^^^^^^^^^^^
    ...<2 lines>...
    )  # missing attribute
    ^
django.template.base.VariableDoesNotExist: Failed lookup for key [data] in <Renginys: TestDate (Ansamblis2)>
"GET /main/ HTTP/1.1" 500 306
Internal Server Error: /main/
Traceback (most recent call last):
  File "C:\KTU_PS\Bakalauras\FolklorasProj\venv1\Lib\site-packages\django\template\base.py", line 875, in _resolve_lookup
    current = current[bit]
              ~~~~~~~^^^^^
TypeError: 'Renginys' object is not subscriptable

During handling of the above exception, another exception occurred:

Traceback (most recent call last):
  File "C:\KTU_PS\Bakalauras\FolklorasProj\venv1\Lib\site-packages\django\template\base.py", line 885, in _resolve_lookup
    current = getattr(current, bit)
AttributeError: 'Renginys' object has no attribute 'data'

During handling of the above exception, another exception occurred:

Traceback (most recent call last):
  File "C:\KTU_PS\Bakalauras\FolklorasProj\venv1\Lib\site-packages\django\template\base.py", line 891, in _resolve_lookup
    current = current[int(bit)]
                      ~~~^^^^^
ValueError: invalid literal for int() with base 10: 'data'

During handling of the above exception, another exception occurred:

Traceback (most recent call last):
  File "C:\KTU_PS\Bakalauras\FolklorasProj\venv1\Lib\site-packages\django\core\handlers\exception.py", line 55, in inner
    response = get_response(request)
  File "C:\KTU_PS\Bakalauras\FolklorasProj\venv1\Lib\site-packages\django\core\handlers\base.py", line 197, in _get_response
    response = wrapped_callback(request, *callback_args, **callback_kwargs)
  File "C:\KTU_PS\Bakalauras\FolklorasProj\mainPage\views.py", line 29, in main_page
    return render(request, 'main.html', context)
  File "C:\KTU_PS\Bakalauras\FolklorasProj\venv1\Lib\site-packages\django\shortcuts.py", line 25, in render
    content = loader.render_to_string(template_name, context, request, using=using)
  File "C:\KTU_PS\Bakalauras\FolklorasProj\venv1\Lib\site-packages\django\template\loader.py", line 62, in render_to_string
    return template.render(context, request)
           ~~~~~~~~~~~~~~~^^^^^^^^^^^^^^^^^^
  File "C:\KTU_PS\Bakalauras\FolklorasProj\venv1\Lib\site-packages\django\template\backends\django.py", line 61, in render
    return self.template.render(context)
           ~~~~~~~~~~~~~~~~~~~~^^^^^^^^^
  File "C:\KTU_PS\Bakalauras\FolklorasProj\venv1\Lib\site-packages\django\template\base.py", line 171, in render
    return self._render(context)
           ~~~~~~~~~~~~^^^^^^^^^
  File "C:\KTU_PS\Bakalauras\FolklorasProj\venv1\Lib\site-packages\django\template\base.py", line 163, in _render
    return self.nodelist.render(context)
           ~~~~~~~~~~~~~~~~~~~~^^^^^^^^^
  File "C:\KTU_PS\Bakalauras\FolklorasProj\venv1\Lib\site-packages\django\template\base.py", line 1000, in render
    return SafeString("".join([node.render_annotated(context) for node in self]))
                               ~~~~~~~~~~~~~~~~~~~~~^^^^^^^^^
  File "C:\KTU_PS\Bakalauras\FolklorasProj\venv1\Lib\site-packages\django\template\base.py", line 961, in render_annotated
    return self.render(context)
           ~~~~~~~~~~~^^^^^^^^^
  File "C:\KTU_PS\Bakalauras\FolklorasProj\venv1\Lib\site-packages\django\template\loader_tags.py", line 159, in render
    return compiled_parent._render(context)
           ~~~~~~~~~~~~~~~~~~~~~~~^^^^^^^^^
  File "C:\KTU_PS\Bakalauras\FolklorasProj\venv1\Lib\site-packages\django\template\base.py", line 163, in _render
    return self.nodelist.render(context)
           ~~~~~~~~~~~~~~~~~~~~^^^^^^^^^
  File "C:\KTU_PS\Bakalauras\FolklorasProj\venv1\Lib\site-packages\django\template\base.py", line 1000, in render
    return SafeString("".join([node.render_annotated(context) for node in self]))
                               ~~~~~~~~~~~~~~~~~~~~~^^^^^^^^^
  File "C:\KTU_PS\Bakalauras\FolklorasProj\venv1\Lib\site-packages\django\template\base.py", line 961, in render_annotated
    return self.render(context)
           ~~~~~~~~~~~^^^^^^^^^
  File "C:\KTU_PS\Bakalauras\FolklorasProj\venv1\Lib\site-packages\django\template\loader_tags.py", line 65, in render
    result = block.nodelist.render(context)
  File "C:\KTU_PS\Bakalauras\FolklorasProj\venv1\Lib\site-packages\django\template\base.py", line 1000, in render
    return SafeString("".join([node.render_annotated(context) for node in self]))
                               ~~~~~~~~~~~~~~~~~~~~~^^^^^^^^^
  File "C:\KTU_PS\Bakalauras\FolklorasProj\venv1\Lib\site-packages\django\template\base.py", line 961, in render_annotated
    return self.render(context)
           ~~~~~~~~~~~^^^^^^^^^
  File "C:\KTU_PS\Bakalauras\FolklorasProj\venv1\Lib\site-packages\django\template\defaulttags.py", line 242, in render
    nodelist.append(node.render_annotated(context))
                    ~~~~~~~~~~~~~~~~~~~~~^^^^^^^^^
  File "C:\KTU_PS\Bakalauras\FolklorasProj\venv1\Lib\site-packages\django\template\base.py", line 961, in render_annotated
    return self.render(context)
           ~~~~~~~~~~~^^^^^^^^^
  File "C:\KTU_PS\Bakalauras\FolklorasProj\venv1\Lib\site-packages\django\template\base.py", line 1059, in render
    output = self.filter_expression.resolve(context)
  File "C:\KTU_PS\Bakalauras\FolklorasProj\venv1\Lib\site-packages\django\template\base.py", line 731, in resolve
    arg_vals.append(arg.resolve(context))
                    ~~~~~~~~~~~^^^^^^^^^
  File "C:\KTU_PS\Bakalauras\FolklorasProj\venv1\Lib\site-packages\django\template\base.py", line 842, in resolve
    value = self._resolve_lookup(context)
  File "C:\KTU_PS\Bakalauras\FolklorasProj\venv1\Lib\site-packages\django\template\base.py", line 898, in _resolve_lookup
    raise VariableDoesNotExist(
    ^^^^^^^^^^^^^^^^^^^^^^^^^^^
    ...<2 lines>...
    )  # missing attribute
    ^
django.template.base.VariableDoesNotExist: Failed lookup for key [data] in <Renginys: TestDate (Ansamblis2)>
"GET /main/ HTTP/1.1" 500 306
Internal Server Error: /main/
Traceback (most recent call last):
  File "C:\KTU_PS\Bakalauras\FolklorasProj\venv1\Lib\site-packages\django\template\base.py", line 875, in _resolve_lookup
    current = current[bit]
              ~~~~~~~^^^^^
TypeError: 'Renginys' object is not subscriptable

During handling of the above exception, another exception occurred:

Traceback (most recent call last):
  File "C:\KTU_PS\Bakalauras\FolklorasProj\venv1\Lib\site-packages\django\template\base.py", line 885, in _resolve_lookup
    current = getattr(current, bit)
AttributeError: 'Renginys' object has no attribute 'data'

During handling of the above exception, another exception occurred:

Traceback (most recent call last):
  File "C:\KTU_PS\Bakalauras\FolklorasProj\venv1\Lib\site-packages\django\template\base.py", line 891, in _resolve_lookup
    current = current[int(bit)]
                      ~~~^^^^^
ValueError: invalid literal for int() with base 10: 'data'

During handling of the above exception, another exception occurred:

Traceback (most recent call last):
  File "C:\KTU_PS\Bakalauras\FolklorasProj\venv1\Lib\site-packages\django\core\handlers\exception.py", line 55, in inner
    response = get_response(request)
  File "C:\KTU_PS\Bakalauras\FolklorasProj\venv1\Lib\site-packages\django\core\handlers\base.py", line 197, in _get_response
    response = wrapped_callback(request, *callback_args, **callback_kwargs)
  File "C:\KTU_PS\Bakalauras\FolklorasProj\mainPage\views.py", line 29, in main_page
    return render(request, 'main.html', context)
  File "C:\KTU_PS\Bakalauras\FolklorasProj\venv1\Lib\site-packages\django\shortcuts.py", line 25, in render
    content = loader.render_to_string(template_name, context, request, using=using)
  File "C:\KTU_PS\Bakalauras\FolklorasProj\venv1\Lib\site-packages\django\template\loader.py", line 62, in render_to_string
    return template.render(context, request)
           ~~~~~~~~~~~~~~~^^^^^^^^^^^^^^^^^^
  File "C:\KTU_PS\Bakalauras\FolklorasProj\venv1\Lib\site-packages\django\template\backends\django.py", line 61, in render
    return self.template.render(context)
           ~~~~~~~~~~~~~~~~~~~~^^^^^^^^^
  File "C:\KTU_PS\Bakalauras\FolklorasProj\venv1\Lib\site-packages\django\template\base.py", line 171, in render
    return self._render(context)
           ~~~~~~~~~~~~^^^^^^^^^
  File "C:\KTU_PS\Bakalauras\FolklorasProj\venv1\Lib\site-packages\django\template\base.py", line 163, in _render
    return self.nodelist.render(context)
           ~~~~~~~~~~~~~~~~~~~~^^^^^^^^^
  File "C:\KTU_PS\Bakalauras\FolklorasProj\venv1\Lib\site-packages\django\template\base.py", line 1000, in render
    return SafeString("".join([node.render_annotated(context) for node in self]))
                               ~~~~~~~~~~~~~~~~~~~~~^^^^^^^^^
  File "C:\KTU_PS\Bakalauras\FolklorasProj\venv1\Lib\site-packages\django\template\base.py", line 961, in render_annotated
    return self.render(context)
           ~~~~~~~~~~~^^^^^^^^^
  File "C:\KTU_PS\Bakalauras\FolklorasProj\venv1\Lib\site-packages\django\template\loader_tags.py", line 159, in render
    return compiled_parent._render(context)
           ~~~~~~~~~~~~~~~~~~~~~~~^^^^^^^^^
  File "C:\KTU_PS\Bakalauras\FolklorasProj\venv1\Lib\site-packages\django\template\base.py", line 163, in _render
    return self.nodelist.render(context)
           ~~~~~~~~~~~~~~~~~~~~^^^^^^^^^
  File "C:\KTU_PS\Bakalauras\FolklorasProj\venv1\Lib\site-packages\django\template\base.py", line 1000, in render
    return SafeString("".join([node.render_annotated(context) for node in self]))
                               ~~~~~~~~~~~~~~~~~~~~~^^^^^^^^^
  File "C:\KTU_PS\Bakalauras\FolklorasProj\venv1\Lib\site-packages\django\template\base.py", line 961, in render_annotated
    return self.render(context)
           ~~~~~~~~~~~^^^^^^^^^
  File "C:\KTU_PS\Bakalauras\FolklorasProj\venv1\Lib\site-packages\django\template\loader_tags.py", line 65, in render
    result = block.nodelist.render(context)
  File "C:\KTU_PS\Bakalauras\FolklorasProj\venv1\Lib\site-packages\django\template\base.py", line 1000, in render
    return SafeString("".join([node.render_annotated(context) for node in self]))
                               ~~~~~~~~~~~~~~~~~~~~~^^^^^^^^^
  File "C:\KTU_PS\Bakalauras\FolklorasProj\venv1\Lib\site-packages\django\template\base.py", line 961, in render_annotated
    return self.render(context)
           ~~~~~~~~~~~^^^^^^^^^
  File "C:\KTU_PS\Bakalauras\FolklorasProj\venv1\Lib\site-packages\django\template\defaulttags.py", line 242, in render
    nodelist.append(node.render_annotated(context))
                    ~~~~~~~~~~~~~~~~~~~~~^^^^^^^^^
  File "C:\KTU_PS\Bakalauras\FolklorasProj\venv1\Lib\site-packages\django\template\base.py", line 961, in render_annotated
    return self.render(context)
           ~~~~~~~~~~~^^^^^^^^^
  File "C:\KTU_PS\Bakalauras\FolklorasProj\venv1\Lib\site-packages\django\template\base.py", line 1059, in render
    output = self.filter_expression.resolve(context)
  File "C:\KTU_PS\Bakalauras\FolklorasProj\venv1\Lib\site-packages\django\template\base.py", line 731, in resolve
    arg_vals.append(arg.resolve(context))
                    ~~~~~~~~~~~^^^^^^^^^
  File "C:\KTU_PS\Bakalauras\FolklorasProj\venv1\Lib\site-packages\django\template\base.py", line 842, in resolve
    value = self._resolve_lookup(context)
  File "C:\KTU_PS\Bakalauras\FolklorasProj\venv1\Lib\site-packages\django\template\base.py", line 898, in _resolve_lookup
    raise VariableDoesNotExist(
    ^^^^^^^^^^^^^^^^^^^^^^^^^^^
    ...<2 lines>...
    )  # missing attribute
    ^
django.template.base.VariableDoesNotExist: Failed lookup for key [data] in <Renginys: TestDate (Ansamblis2)>
"GET /main/ HTTP/1.1" 500 306
Internal Server Error: /main/
Traceback (most recent call last):
  File "C:\KTU_PS\Bakalauras\FolklorasProj\venv1\Lib\site-packages\django\template\base.py", line 875, in _resolve_lookup
    current = current[bit]
              ~~~~~~~^^^^^
TypeError: 'Renginys' object is not subscriptable

During handling of the above exception, another exception occurred:

Traceback (most recent call last):
  File "C:\KTU_PS\Bakalauras\FolklorasProj\venv1\Lib\site-packages\django\template\base.py", line 885, in _resolve_lookup
    current = getattr(current, bit)
AttributeError: 'Renginys' object has no attribute 'data'

During handling of the above exception, another exception occurred:

Traceback (most recent call last):
  File "C:\KTU_PS\Bakalauras\FolklorasProj\venv1\Lib\site-packages\django\template\base.py", line 891, in _resolve_lookup
    current = current[int(bit)]
                      ~~~^^^^^
ValueError: invalid literal for int() with base 10: 'data'

During handling of the above exception, another exception occurred:

Traceback (most recent call last):
  File "C:\KTU_PS\Bakalauras\FolklorasProj\venv1\Lib\site-packages\django\core\handlers\exception.py", line 55, in inner
    response = get_response(request)
  File "C:\KTU_PS\Bakalauras\FolklorasProj\venv1\Lib\site-packages\django\core\handlers\base.py", line 197, in _get_response
    response = wrapped_callback(request, *callback_args, **callback_kwargs)
  File "C:\KTU_PS\Bakalauras\FolklorasProj\mainPage\views.py", line 29, in main_page
    return render(request, 'main.html', context)
  File "C:\KTU_PS\Bakalauras\FolklorasProj\venv1\Lib\site-packages\django\shortcuts.py", line 25, in render
    content = loader.render_to_string(template_name, context, request, using=using)
  File "C:\KTU_PS\Bakalauras\FolklorasProj\venv1\Lib\site-packages\django\template\loader.py", line 62, in render_to_string
    return template.render(context, request)
           ~~~~~~~~~~~~~~~^^^^^^^^^^^^^^^^^^
  File "C:\KTU_PS\Bakalauras\FolklorasProj\venv1\Lib\site-packages\django\template\backends\django.py", line 61, in render
    return self.template.render(context)
           ~~~~~~~~~~~~~~~~~~~~^^^^^^^^^
  File "C:\KTU_PS\Bakalauras\FolklorasProj\venv1\Lib\site-packages\django\template\base.py", line 171, in render
    return self._render(context)
           ~~~~~~~~~~~~^^^^^^^^^
  File "C:\KTU_PS\Bakalauras\FolklorasProj\venv1\Lib\site-packages\django\template\base.py", line 163, in _render
    return self.nodelist.render(context)
           ~~~~~~~~~~~~~~~~~~~~^^^^^^^^^
  File "C:\KTU_PS\Bakalauras\FolklorasProj\venv1\Lib\site-packages\django\template\base.py", line 1000, in render
    return SafeString("".join([node.render_annotated(context) for node in self]))
                               ~~~~~~~~~~~~~~~~~~~~~^^^^^^^^^
  File "C:\KTU_PS\Bakalauras\FolklorasProj\venv1\Lib\site-packages\django\template\base.py", line 961, in render_annotated
    return self.render(context)
           ~~~~~~~~~~~^^^^^^^^^
  File "C:\KTU_PS\Bakalauras\FolklorasProj\venv1\Lib\site-packages\django\template\loader_tags.py", line 159, in render
    return compiled_parent._render(context)
           ~~~~~~~~~~~~~~~~~~~~~~~^^^^^^^^^
  File "C:\KTU_PS\Bakalauras\FolklorasProj\venv1\Lib\site-packages\django\template\base.py", line 163, in _render
    return self.nodelist.render(context)
           ~~~~~~~~~~~~~~~~~~~~^^^^^^^^^
  File "C:\KTU_PS\Bakalauras\FolklorasProj\venv1\Lib\site-packages\django\template\base.py", line 1000, in render
    return SafeString("".join([node.render_annotated(context) for node in self]))
                               ~~~~~~~~~~~~~~~~~~~~~^^^^^^^^^
  File "C:\KTU_PS\Bakalauras\FolklorasProj\venv1\Lib\site-packages\django\template\base.py", line 961, in render_annotated
    return self.render(context)
           ~~~~~~~~~~~^^^^^^^^^
  File "C:\KTU_PS\Bakalauras\FolklorasProj\venv1\Lib\site-packages\django\template\loader_tags.py", line 65, in render
    result = block.nodelist.render(context)
  File "C:\KTU_PS\Bakalauras\FolklorasProj\venv1\Lib\site-packages\django\template\base.py", line 1000, in render
    return SafeString("".join([node.render_annotated(context) for node in self]))
                               ~~~~~~~~~~~~~~~~~~~~~^^^^^^^^^
  File "C:\KTU_PS\Bakalauras\FolklorasProj\venv1\Lib\site-packages\django\template\base.py", line 961, in render_annotated
    return self.render(context)
           ~~~~~~~~~~~^^^^^^^^^
  File "C:\KTU_PS\Bakalauras\FolklorasProj\venv1\Lib\site-packages\django\template\defaulttags.py", line 242, in render
    nodelist.append(node.render_annotated(context))
                    ~~~~~~~~~~~~~~~~~~~~~^^^^^^^^^
  File "C:\KTU_PS\Bakalauras\FolklorasProj\venv1\Lib\site-packages\django\template\base.py", line 961, in render_annotated
    return self.render(context)
           ~~~~~~~~~~~^^^^^^^^^
  File "C:\KTU_PS\Bakalauras\FolklorasProj\venv1\Lib\site-packages\django\template\base.py", line 1059, in render
    output = self.filter_expression.resolve(context)
  File "C:\KTU_PS\Bakalauras\FolklorasProj\venv1\Lib\site-packages\django\template\base.py", line 731, in resolve
    arg_vals.append(arg.resolve(context))
                    ~~~~~~~~~~~^^^^^^^^^
  File "C:\KTU_PS\Bakalauras\FolklorasProj\venv1\Lib\site-packages\django\template\base.py", line 842, in resolve
    value = self._resolve_lookup(context)
  File "C:\KTU_PS\Bakalauras\FolklorasProj\venv1\Lib\site-packages\django\template\base.py", line 898, in _resolve_lookup
    raise VariableDoesNotExist(
    ^^^^^^^^^^^^^^^^^^^^^^^^^^^
    ...<2 lines>...
    )  # missing attribute
    ^
django.template.base.VariableDoesNotExist: Failed lookup for key [data] in <Renginys: TestDate (Ansamblis2)>
"GET /main/ HTTP/1.1" 500 306
"GET /kuriniai/2/edit/ HTTP/1.1" 500 306
Internal Server Error: /repeticijos/
Traceback (most recent call last):
  File "C:\KTU_PS\Bakalauras\FolklorasProj\venv1\Lib\site-packages\django\db\backends\utils.py", line 105, in _execute
    return self.cursor.execute(sql, params)
           ~~~~~~~~~~~~~~~~~~~^^^^^^^^^^^^^
psycopg2.errors.UndefinedColumn: column Repeticijos_repeticija.created does not exist
LINE 1: ..."."pavadinimas", "Repeticijos_repeticija"."data", "Repeticij...
                                                             ^


The above exception was the direct cause of the following exception:

Traceback (most recent call last):
  File "C:\KTU_PS\Bakalauras\FolklorasProj\venv1\Lib\site-packages\django\core\handlers\exception.py", line 55, in inner
    response = get_response(request)
  File "C:\KTU_PS\Bakalauras\FolklorasProj\venv1\Lib\site-packages\django\core\handlers\base.py", line 197, in _get_response
    response = wrapped_callback(request, *callback_args, **callback_kwargs)
  File "C:\KTU_PS\Bakalauras\FolklorasProj\Repeticijos\views.py", line 14, in repeticijos_list
    return render(request, 'repeticijos.html', {'repeticijos': repeticijos})
  File "C:\KTU_PS\Bakalauras\FolklorasProj\venv1\Lib\site-packages\django\shortcuts.py", line 25, in render
    content = loader.render_to_string(template_name, context, request, using=using)
  File "C:\KTU_PS\Bakalauras\FolklorasProj\venv1\Lib\site-packages\django\template\loader.py", line 62, in render_to_string
    return template.render(context, request)
           ~~~~~~~~~~~~~~~^^^^^^^^^^^^^^^^^^
  File "C:\KTU_PS\Bakalauras\FolklorasProj\venv1\Lib\site-packages\django\template\backends\django.py", line 61, in render
    return self.template.render(context)
           ~~~~~~~~~~~~~~~~~~~~^^^^^^^^^
  File "C:\KTU_PS\Bakalauras\FolklorasProj\venv1\Lib\site-packages\django\template\base.py", line 171, in render
    return self._render(context)
           ~~~~~~~~~~~~^^^^^^^^^
  File "C:\KTU_PS\Bakalauras\FolklorasProj\venv1\Lib\site-packages\django\template\base.py", line 163, in _render
    return self.nodelist.render(context)
           ~~~~~~~~~~~~~~~~~~~~^^^^^^^^^
  File "C:\KTU_PS\Bakalauras\FolklorasProj\venv1\Lib\site-packages\django\template\base.py", line 1000, in render
    return SafeString("".join([node.render_annotated(context) for node in self]))
                               ~~~~~~~~~~~~~~~~~~~~~^^^^^^^^^
  File "C:\KTU_PS\Bakalauras\FolklorasProj\venv1\Lib\site-packages\django\template\base.py", line 961, in render_annotated
    return self.render(context)
           ~~~~~~~~~~~^^^^^^^^^
  File "C:\KTU_PS\Bakalauras\FolklorasProj\venv1\Lib\site-packages\django\template\loader_tags.py", line 159, in render
    return compiled_parent._render(context)
           ~~~~~~~~~~~~~~~~~~~~~~~^^^^^^^^^
  File "C:\KTU_PS\Bakalauras\FolklorasProj\venv1\Lib\site-packages\django\template\base.py", line 163, in _render
    return self.nodelist.render(context)
           ~~~~~~~~~~~~~~~~~~~~^^^^^^^^^
  File "C:\KTU_PS\Bakalauras\FolklorasProj\venv1\Lib\site-packages\django\template\base.py", line 1000, in render
    return SafeString("".join([node.render_annotated(context) for node in self]))
                               ~~~~~~~~~~~~~~~~~~~~~^^^^^^^^^
  File "C:\KTU_PS\Bakalauras\FolklorasProj\venv1\Lib\site-packages\django\template\base.py", line 961, in render_annotated
    return self.render(context)
           ~~~~~~~~~~~^^^^^^^^^
  File "C:\KTU_PS\Bakalauras\FolklorasProj\venv1\Lib\site-packages\django\template\loader_tags.py", line 65, in render
    result = block.nodelist.render(context)
  File "C:\KTU_PS\Bakalauras\FolklorasProj\venv1\Lib\site-packages\django\template\base.py", line 1000, in render
    return SafeString("".join([node.render_annotated(context) for node in self]))
                               ~~~~~~~~~~~~~~~~~~~~~^^^^^^^^^
  File "C:\KTU_PS\Bakalauras\FolklorasProj\venv1\Lib\site-packages\django\template\base.py", line 961, in render_annotated
    return self.render(context)
           ~~~~~~~~~~~^^^^^^^^^
  File "C:\KTU_PS\Bakalauras\FolklorasProj\venv1\Lib\site-packages\django\template\defaulttags.py", line 198, in render
    len_values = len(values)
  File "C:\KTU_PS\Bakalauras\FolklorasProj\venv1\Lib\site-packages\django\db\models\query.py", line 382, in __len__
    self._fetch_all()
    ~~~~~~~~~~~~~~~^^
  File "C:\KTU_PS\Bakalauras\FolklorasProj\venv1\Lib\site-packages\django\db\models\query.py", line 1928, in _fetch_all
    self._result_cache = list(self._iterable_class(self))
                         ~~~~^^^^^^^^^^^^^^^^^^^^^^^^^^^^
  File "C:\KTU_PS\Bakalauras\FolklorasProj\venv1\Lib\site-packages\django\db\models\query.py", line 91, in __iter__
    results = compiler.execute_sql(
        chunked_fetch=self.chunked_fetch, chunk_size=self.chunk_size
    )
  File "C:\KTU_PS\Bakalauras\FolklorasProj\venv1\Lib\site-packages\django\db\models\sql\compiler.py", line 1562, in execute_sql
    cursor.execute(sql, params)
    ~~~~~~~~~~~~~~^^^^^^^^^^^^^
  File "C:\KTU_PS\Bakalauras\FolklorasProj\venv1\Lib\site-packages\django\db\backends\utils.py", line 79, in execute
    return self._execute_with_wrappers(
           ~~~~~~~~~~~~~~~~~~~~~~~~~~~^
        sql, params, many=False, executor=self._execute
        ^^^^^^^^^^^^^^^^^^^^^^^^^^^^^^^^^^^^^^^^^^^^^^^
    )
    ^
  File "C:\KTU_PS\Bakalauras\FolklorasProj\venv1\Lib\site-packages\django\db\backends\utils.py", line 92, in _execute_with_wrappers
    return executor(sql, params, many, context)
  File "C:\KTU_PS\Bakalauras\FolklorasProj\venv1\Lib\site-packages\django\db\backends\utils.py", line 100, in _execute
    with self.db.wrap_database_errors:
         ^^^^^^^^^^^^^^^^^^^^^^^^^^^^
  File "C:\KTU_PS\Bakalauras\FolklorasProj\venv1\Lib\site-packages\django\db\utils.py", line 91, in __exit__
    raise dj_exc_value.with_traceback(traceback) from exc_value
  File "C:\KTU_PS\Bakalauras\FolklorasProj\venv1\Lib\site-packages\django\db\backends\utils.py", line 105, in _execute
    return self.cursor.execute(sql, params)
           ~~~~~~~~~~~~~~~~~~~^^^^^^^^^^^^^
django.db.utils.ProgrammingError: column Repeticijos_repeticija.created does not exist
LINE 1: ..."."pavadinimas", "Repeticijos_repeticija"."data", "Repeticij...
                                                             ^

"GET /repeticijos/ HTTP/1.1" 500 306
Internal Server Error: /repeticijos/
"GET /repeticijos/ HTTP/1.1" 500 182
Internal Server Error: /repeticijos/
Traceback (most recent call last):
  File "C:\KTU_PS\Bakalauras\FolklorasProj\venv1\Lib\site-packages\django\db\backends\utils.py", line 105, in _execute
    return self.cursor.execute(sql, params)
           ~~~~~~~~~~~~~~~~~~~^^^^^^^^^^^^^
psycopg2.errors.UndefinedColumn: column Repeticijos_repeticija.created does not exist
LINE 1: ..."."pavadinimas", "Repeticijos_repeticija"."data", "Repeticij...
                                                             ^


The above exception was the direct cause of the following exception:

Traceback (most recent call last):
  File "C:\KTU_PS\Bakalauras\FolklorasProj\venv1\Lib\site-packages\django\core\handlers\exception.py", line 55, in inner
    response = get_response(request)
  File "C:\KTU_PS\Bakalauras\FolklorasProj\venv1\Lib\site-packages\django\core\handlers\base.py", line 197, in _get_response
    response = wrapped_callback(request, *callback_args, **callback_kwargs)
  File "C:\KTU_PS\Bakalauras\FolklorasProj\Repeticijos\views.py", line 14, in repeticijos_list
    return render(request, 'repeticijos.html', {'repeticijos': repeticijos})
  File "C:\KTU_PS\Bakalauras\FolklorasProj\venv1\Lib\site-packages\django\shortcuts.py", line 25, in render
    content = loader.render_to_string(template_name, context, request, using=using)
  File "C:\KTU_PS\Bakalauras\FolklorasProj\venv1\Lib\site-packages\django\template\loader.py", line 62, in render_to_string
    return template.render(context, request)
           ~~~~~~~~~~~~~~~^^^^^^^^^^^^^^^^^^
  File "C:\KTU_PS\Bakalauras\FolklorasProj\venv1\Lib\site-packages\django\template\backends\django.py", line 61, in render
    return self.template.render(context)
           ~~~~~~~~~~~~~~~~~~~~^^^^^^^^^
  File "C:\KTU_PS\Bakalauras\FolklorasProj\venv1\Lib\site-packages\django\template\base.py", line 171, in render
    return self._render(context)
           ~~~~~~~~~~~~^^^^^^^^^
  File "C:\KTU_PS\Bakalauras\FolklorasProj\venv1\Lib\site-packages\django\template\base.py", line 163, in _render
    return self.nodelist.render(context)
           ~~~~~~~~~~~~~~~~~~~~^^^^^^^^^
  File "C:\KTU_PS\Bakalauras\FolklorasProj\venv1\Lib\site-packages\django\template\base.py", line 1000, in render
    return SafeString("".join([node.render_annotated(context) for node in self]))
                               ~~~~~~~~~~~~~~~~~~~~~^^^^^^^^^
  File "C:\KTU_PS\Bakalauras\FolklorasProj\venv1\Lib\site-packages\django\template\base.py", line 961, in render_annotated
    return self.render(context)
           ~~~~~~~~~~~^^^^^^^^^
  File "C:\KTU_PS\Bakalauras\FolklorasProj\venv1\Lib\site-packages\django\template\loader_tags.py", line 159, in render
    return compiled_parent._render(context)
           ~~~~~~~~~~~~~~~~~~~~~~~^^^^^^^^^
  File "C:\KTU_PS\Bakalauras\FolklorasProj\venv1\Lib\site-packages\django\template\base.py", line 163, in _render
    return self.nodelist.render(context)
           ~~~~~~~~~~~~~~~~~~~~^^^^^^^^^
  File "C:\KTU_PS\Bakalauras\FolklorasProj\venv1\Lib\site-packages\django\template\base.py", line 1000, in render
    return SafeString("".join([node.render_annotated(context) for node in self]))
                               ~~~~~~~~~~~~~~~~~~~~~^^^^^^^^^
  File "C:\KTU_PS\Bakalauras\FolklorasProj\venv1\Lib\site-packages\django\template\base.py", line 961, in render_annotated
    return self.render(context)
           ~~~~~~~~~~~^^^^^^^^^
  File "C:\KTU_PS\Bakalauras\FolklorasProj\venv1\Lib\site-packages\django\template\loader_tags.py", line 65, in render
    result = block.nodelist.render(context)
  File "C:\KTU_PS\Bakalauras\FolklorasProj\venv1\Lib\site-packages\django\template\base.py", line 1000, in render
    return SafeString("".join([node.render_annotated(context) for node in self]))
                               ~~~~~~~~~~~~~~~~~~~~~^^^^^^^^^
  File "C:\KTU_PS\Bakalauras\FolklorasProj\venv1\Lib\site-packages\django\template\base.py", line 961, in render_annotated
    return self.render(context)
           ~~~~~~~~~~~^^^^^^^^^
  File "C:\KTU_PS\Bakalauras\FolklorasProj\venv1\Lib\site-packages\django\template\defaulttags.py", line 198, in render
    len_values = len(values)
  File "C:\KTU_PS\Bakalauras\FolklorasProj\venv1\Lib\site-packages\django\db\models\query.py", line 382, in __len__
    self._fetch_all()
    ~~~~~~~~~~~~~~~^^
  File "C:\KTU_PS\Bakalauras\FolklorasProj\venv1\Lib\site-packages\django\db\models\query.py", line 1928, in _fetch_all
    self._result_cache = list(self._iterable_class(self))
                         ~~~~^^^^^^^^^^^^^^^^^^^^^^^^^^^^
  File "C:\KTU_PS\Bakalauras\FolklorasProj\venv1\Lib\site-packages\django\db\models\query.py", line 91, in __iter__
    results = compiler.execute_sql(
        chunked_fetch=self.chunked_fetch, chunk_size=self.chunk_size
    )
  File "C:\KTU_PS\Bakalauras\FolklorasProj\venv1\Lib\site-packages\django\db\models\sql\compiler.py", line 1562, in execute_sql
    cursor.execute(sql, params)
    ~~~~~~~~~~~~~~^^^^^^^^^^^^^
  File "C:\KTU_PS\Bakalauras\FolklorasProj\venv1\Lib\site-packages\django\db\backends\utils.py", line 79, in execute
    return self._execute_with_wrappers(
           ~~~~~~~~~~~~~~~~~~~~~~~~~~~^
        sql, params, many=False, executor=self._execute
        ^^^^^^^^^^^^^^^^^^^^^^^^^^^^^^^^^^^^^^^^^^^^^^^
    )
    ^
  File "C:\KTU_PS\Bakalauras\FolklorasProj\venv1\Lib\site-packages\django\db\backends\utils.py", line 92, in _execute_with_wrappers
    return executor(sql, params, many, context)
  File "C:\KTU_PS\Bakalauras\FolklorasProj\venv1\Lib\site-packages\django\db\backends\utils.py", line 100, in _execute
    with self.db.wrap_database_errors:
         ^^^^^^^^^^^^^^^^^^^^^^^^^^^^
  File "C:\KTU_PS\Bakalauras\FolklorasProj\venv1\Lib\site-packages\django\db\utils.py", line 91, in __exit__
    raise dj_exc_value.with_traceback(traceback) from exc_value
  File "C:\KTU_PS\Bakalauras\FolklorasProj\venv1\Lib\site-packages\django\db\backends\utils.py", line 105, in _execute
    return self.cursor.execute(sql, params)
           ~~~~~~~~~~~~~~~~~~~^^^^^^^^^^^^^
django.db.utils.ProgrammingError: column Repeticijos_repeticija.created does not exist
LINE 1: ..."."pavadinimas", "Repeticijos_repeticija"."data", "Repeticij...
                                                             ^

"GET /repeticijos/ HTTP/1.1" 500 306
Internal Server Error: /repeticijos/
Traceback (most recent call last):
  File "C:\KTU_PS\Bakalauras\FolklorasProj\venv1\Lib\site-packages\django\db\backends\utils.py", line 105, in _execute
    return self.cursor.execute(sql, params)
           ~~~~~~~~~~~~~~~~~~~^^^^^^^^^^^^^
psycopg2.errors.UndefinedColumn: column Repeticijos_repeticija.created does not exist
LINE 1: ..."."pavadinimas", "Repeticijos_repeticija"."data", "Repeticij...
                                                             ^


The above exception was the direct cause of the following exception:

Traceback (most recent call last):
  File "C:\KTU_PS\Bakalauras\FolklorasProj\venv1\Lib\site-packages\django\core\handlers\exception.py", line 55, in inner
    response = get_response(request)
  File "C:\KTU_PS\Bakalauras\FolklorasProj\venv1\Lib\site-packages\django\core\handlers\base.py", line 197, in _get_response
    response = wrapped_callback(request, *callback_args, **callback_kwargs)
  File "C:\KTU_PS\Bakalauras\FolklorasProj\Repeticijos\views.py", line 14, in repeticijos_list
    return render(request, 'repeticijos.html', {'repeticijos': repeticijos})
  File "C:\KTU_PS\Bakalauras\FolklorasProj\venv1\Lib\site-packages\django\shortcuts.py", line 25, in render
    content = loader.render_to_string(template_name, context, request, using=using)
  File "C:\KTU_PS\Bakalauras\FolklorasProj\venv1\Lib\site-packages\django\template\loader.py", line 62, in render_to_string
    return template.render(context, request)
           ~~~~~~~~~~~~~~~^^^^^^^^^^^^^^^^^^
  File "C:\KTU_PS\Bakalauras\FolklorasProj\venv1\Lib\site-packages\django\template\backends\django.py", line 61, in render
    return self.template.render(context)
           ~~~~~~~~~~~~~~~~~~~~^^^^^^^^^
  File "C:\KTU_PS\Bakalauras\FolklorasProj\venv1\Lib\site-packages\django\template\base.py", line 171, in render
    return self._render(context)
           ~~~~~~~~~~~~^^^^^^^^^
  File "C:\KTU_PS\Bakalauras\FolklorasProj\venv1\Lib\site-packages\django\template\base.py", line 163, in _render
    return self.nodelist.render(context)
           ~~~~~~~~~~~~~~~~~~~~^^^^^^^^^
  File "C:\KTU_PS\Bakalauras\FolklorasProj\venv1\Lib\site-packages\django\template\base.py", line 1000, in render
    return SafeString("".join([node.render_annotated(context) for node in self]))
                               ~~~~~~~~~~~~~~~~~~~~~^^^^^^^^^
  File "C:\KTU_PS\Bakalauras\FolklorasProj\venv1\Lib\site-packages\django\template\base.py", line 961, in render_annotated
    return self.render(context)
           ~~~~~~~~~~~^^^^^^^^^
  File "C:\KTU_PS\Bakalauras\FolklorasProj\venv1\Lib\site-packages\django\template\loader_tags.py", line 159, in render
    return compiled_parent._render(context)
           ~~~~~~~~~~~~~~~~~~~~~~~^^^^^^^^^
  File "C:\KTU_PS\Bakalauras\FolklorasProj\venv1\Lib\site-packages\django\template\base.py", line 163, in _render
    return self.nodelist.render(context)
           ~~~~~~~~~~~~~~~~~~~~^^^^^^^^^
  File "C:\KTU_PS\Bakalauras\FolklorasProj\venv1\Lib\site-packages\django\template\base.py", line 1000, in render
    return SafeString("".join([node.render_annotated(context) for node in self]))
                               ~~~~~~~~~~~~~~~~~~~~~^^^^^^^^^
  File "C:\KTU_PS\Bakalauras\FolklorasProj\venv1\Lib\site-packages\django\template\base.py", line 961, in render_annotated
    return self.render(context)
           ~~~~~~~~~~~^^^^^^^^^
  File "C:\KTU_PS\Bakalauras\FolklorasProj\venv1\Lib\site-packages\django\template\loader_tags.py", line 65, in render
    result = block.nodelist.render(context)
  File "C:\KTU_PS\Bakalauras\FolklorasProj\venv1\Lib\site-packages\django\template\base.py", line 1000, in render
    return SafeString("".join([node.render_annotated(context) for node in self]))
                               ~~~~~~~~~~~~~~~~~~~~~^^^^^^^^^
  File "C:\KTU_PS\Bakalauras\FolklorasProj\venv1\Lib\site-packages\django\template\base.py", line 961, in render_annotated
    return self.render(context)
           ~~~~~~~~~~~^^^^^^^^^
  File "C:\KTU_PS\Bakalauras\FolklorasProj\venv1\Lib\site-packages\django\template\defaulttags.py", line 198, in render
    len_values = len(values)
  File "C:\KTU_PS\Bakalauras\FolklorasProj\venv1\Lib\site-packages\django\db\models\query.py", line 382, in __len__
    self._fetch_all()
    ~~~~~~~~~~~~~~~^^
  File "C:\KTU_PS\Bakalauras\FolklorasProj\venv1\Lib\site-packages\django\db\models\query.py", line 1928, in _fetch_all
    self._result_cache = list(self._iterable_class(self))
                         ~~~~^^^^^^^^^^^^^^^^^^^^^^^^^^^^
  File "C:\KTU_PS\Bakalauras\FolklorasProj\venv1\Lib\site-packages\django\db\models\query.py", line 91, in __iter__
    results = compiler.execute_sql(
        chunked_fetch=self.chunked_fetch, chunk_size=self.chunk_size
    )
  File "C:\KTU_PS\Bakalauras\FolklorasProj\venv1\Lib\site-packages\django\db\models\sql\compiler.py", line 1562, in execute_sql
    cursor.execute(sql, params)
    ~~~~~~~~~~~~~~^^^^^^^^^^^^^
  File "C:\KTU_PS\Bakalauras\FolklorasProj\venv1\Lib\site-packages\django\db\backends\utils.py", line 79, in execute
    return self._execute_with_wrappers(
           ~~~~~~~~~~~~~~~~~~~~~~~~~~~^
        sql, params, many=False, executor=self._execute
        ^^^^^^^^^^^^^^^^^^^^^^^^^^^^^^^^^^^^^^^^^^^^^^^
    )
    ^
  File "C:\KTU_PS\Bakalauras\FolklorasProj\venv1\Lib\site-packages\django\db\backends\utils.py", line 92, in _execute_with_wrappers
    return executor(sql, params, many, context)
  File "C:\KTU_PS\Bakalauras\FolklorasProj\venv1\Lib\site-packages\django\db\backends\utils.py", line 100, in _execute
    with self.db.wrap_database_errors:
         ^^^^^^^^^^^^^^^^^^^^^^^^^^^^
  File "C:\KTU_PS\Bakalauras\FolklorasProj\venv1\Lib\site-packages\django\db\utils.py", line 91, in __exit__
    raise dj_exc_value.with_traceback(traceback) from exc_value
  File "C:\KTU_PS\Bakalauras\FolklorasProj\venv1\Lib\site-packages\django\db\backends\utils.py", line 105, in _execute
    return self.cursor.execute(sql, params)
           ~~~~~~~~~~~~~~~~~~~^^^^^^^^^^^^^
django.db.utils.ProgrammingError: column Repeticijos_repeticija.created does not exist
LINE 1: ..."."pavadinimas", "Repeticijos_repeticija"."data", "Repeticij...
                                                             ^

"GET /repeticijos/ HTTP/1.1" 500 306
Internal Server Error: /repeticijos/
Traceback (most recent call last):
  File "C:\KTU_PS\Bakalauras\FolklorasProj\venv1\Lib\site-packages\django\db\backends\utils.py", line 105, in _execute
    return self.cursor.execute(sql, params)
           ~~~~~~~~~~~~~~~~~~~^^^^^^^^^^^^^
psycopg2.errors.UndefinedColumn: column Repeticijos_repeticija.created does not exist
LINE 1: ..."."pavadinimas", "Repeticijos_repeticija"."data", "Repeticij...
                                                             ^


The above exception was the direct cause of the following exception:

Traceback (most recent call last):
  File "C:\KTU_PS\Bakalauras\FolklorasProj\venv1\Lib\site-packages\django\core\handlers\exception.py", line 55, in inner
    response = get_response(request)
  File "C:\KTU_PS\Bakalauras\FolklorasProj\venv1\Lib\site-packages\django\core\handlers\base.py", line 197, in _get_response
    response = wrapped_callback(request, *callback_args, **callback_kwargs)
  File "C:\KTU_PS\Bakalauras\FolklorasProj\Repeticijos\views.py", line 14, in repeticijos_list
    return render(request, 'repeticijos.html', {'repeticijos': repeticijos})
  File "C:\KTU_PS\Bakalauras\FolklorasProj\venv1\Lib\site-packages\django\shortcuts.py", line 25, in render
    content = loader.render_to_string(template_name, context, request, using=using)
  File "C:\KTU_PS\Bakalauras\FolklorasProj\venv1\Lib\site-packages\django\template\loader.py", line 62, in render_to_string
    return template.render(context, request)
           ~~~~~~~~~~~~~~~^^^^^^^^^^^^^^^^^^
  File "C:\KTU_PS\Bakalauras\FolklorasProj\venv1\Lib\site-packages\django\template\backends\django.py", line 61, in render
    return self.template.render(context)
           ~~~~~~~~~~~~~~~~~~~~^^^^^^^^^
  File "C:\KTU_PS\Bakalauras\FolklorasProj\venv1\Lib\site-packages\django\template\base.py", line 171, in render
    return self._render(context)
           ~~~~~~~~~~~~^^^^^^^^^
  File "C:\KTU_PS\Bakalauras\FolklorasProj\venv1\Lib\site-packages\django\template\base.py", line 163, in _render
    return self.nodelist.render(context)
           ~~~~~~~~~~~~~~~~~~~~^^^^^^^^^
  File "C:\KTU_PS\Bakalauras\FolklorasProj\venv1\Lib\site-packages\django\template\base.py", line 1000, in render
    return SafeString("".join([node.render_annotated(context) for node in self]))
                               ~~~~~~~~~~~~~~~~~~~~~^^^^^^^^^
  File "C:\KTU_PS\Bakalauras\FolklorasProj\venv1\Lib\site-packages\django\template\base.py", line 961, in render_annotated
    return self.render(context)
           ~~~~~~~~~~~^^^^^^^^^
  File "C:\KTU_PS\Bakalauras\FolklorasProj\venv1\Lib\site-packages\django\template\loader_tags.py", line 159, in render
    return compiled_parent._render(context)
           ~~~~~~~~~~~~~~~~~~~~~~~^^^^^^^^^
  File "C:\KTU_PS\Bakalauras\FolklorasProj\venv1\Lib\site-packages\django\template\base.py", line 163, in _render
    return self.nodelist.render(context)
           ~~~~~~~~~~~~~~~~~~~~^^^^^^^^^
  File "C:\KTU_PS\Bakalauras\FolklorasProj\venv1\Lib\site-packages\django\template\base.py", line 1000, in render
    return SafeString("".join([node.render_annotated(context) for node in self]))
                               ~~~~~~~~~~~~~~~~~~~~~^^^^^^^^^
  File "C:\KTU_PS\Bakalauras\FolklorasProj\venv1\Lib\site-packages\django\template\base.py", line 961, in render_annotated
    return self.render(context)
           ~~~~~~~~~~~^^^^^^^^^
  File "C:\KTU_PS\Bakalauras\FolklorasProj\venv1\Lib\site-packages\django\template\loader_tags.py", line 65, in render
    result = block.nodelist.render(context)
  File "C:\KTU_PS\Bakalauras\FolklorasProj\venv1\Lib\site-packages\django\template\base.py", line 1000, in render
    return SafeString("".join([node.render_annotated(context) for node in self]))
                               ~~~~~~~~~~~~~~~~~~~~~^^^^^^^^^
  File "C:\KTU_PS\Bakalauras\FolklorasProj\venv1\Lib\site-packages\django\template\base.py", line 961, in render_annotated
    return self.render(context)
           ~~~~~~~~~~~^^^^^^^^^
  File "C:\KTU_PS\Bakalauras\FolklorasProj\venv1\Lib\site-packages\django\template\defaulttags.py", line 198, in render
    len_values = len(values)
  File "C:\KTU_PS\Bakalauras\FolklorasProj\venv1\Lib\site-packages\django\db\models\query.py", line 382, in __len__
    self._fetch_all()
    ~~~~~~~~~~~~~~~^^
  File "C:\KTU_PS\Bakalauras\FolklorasProj\venv1\Lib\site-packages\django\db\models\query.py", line 1928, in _fetch_all
    self._result_cache = list(self._iterable_class(self))
                         ~~~~^^^^^^^^^^^^^^^^^^^^^^^^^^^^
  File "C:\KTU_PS\Bakalauras\FolklorasProj\venv1\Lib\site-packages\django\db\models\query.py", line 91, in __iter__
    results = compiler.execute_sql(
        chunked_fetch=self.chunked_fetch, chunk_size=self.chunk_size
    )
  File "C:\KTU_PS\Bakalauras\FolklorasProj\venv1\Lib\site-packages\django\db\models\sql\compiler.py", line 1562, in execute_sql
    cursor.execute(sql, params)
    ~~~~~~~~~~~~~~^^^^^^^^^^^^^
  File "C:\KTU_PS\Bakalauras\FolklorasProj\venv1\Lib\site-packages\django\db\backends\utils.py", line 79, in execute
    return self._execute_with_wrappers(
           ~~~~~~~~~~~~~~~~~~~~~~~~~~~^
        sql, params, many=False, executor=self._execute
        ^^^^^^^^^^^^^^^^^^^^^^^^^^^^^^^^^^^^^^^^^^^^^^^
    )
    ^
  File "C:\KTU_PS\Bakalauras\FolklorasProj\venv1\Lib\site-packages\django\db\backends\utils.py", line 92, in _execute_with_wrappers
    return executor(sql, params, many, context)
  File "C:\KTU_PS\Bakalauras\FolklorasProj\venv1\Lib\site-packages\django\db\backends\utils.py", line 100, in _execute
    with self.db.wrap_database_errors:
         ^^^^^^^^^^^^^^^^^^^^^^^^^^^^
  File "C:\KTU_PS\Bakalauras\FolklorasProj\venv1\Lib\site-packages\django\db\utils.py", line 91, in __exit__
    raise dj_exc_value.with_traceback(traceback) from exc_value
  File "C:\KTU_PS\Bakalauras\FolklorasProj\venv1\Lib\site-packages\django\db\backends\utils.py", line 105, in _execute
    return self.cursor.execute(sql, params)
           ~~~~~~~~~~~~~~~~~~~^^^^^^^^^^^^^
django.db.utils.ProgrammingError: column Repeticijos_repeticija.created does not exist
LINE 1: ..."."pavadinimas", "Repeticijos_repeticija"."data", "Repeticij...
                                                             ^

"GET /repeticijos/ HTTP/1.1" 500 306
Internal Server Error: /repeticijos/
Traceback (most recent call last):
  File "C:\KTU_PS\Bakalauras\FolklorasProj\venv1\Lib\site-packages\django\db\backends\utils.py", line 105, in _execute
    return self.cursor.execute(sql, params)
           ~~~~~~~~~~~~~~~~~~~^^^^^^^^^^^^^
psycopg2.errors.UndefinedColumn: column Repeticijos_repeticija.created does not exist
LINE 1: ..."."pavadinimas", "Repeticijos_repeticija"."data", "Repeticij...
                                                             ^


The above exception was the direct cause of the following exception:

Traceback (most recent call last):
  File "C:\KTU_PS\Bakalauras\FolklorasProj\venv1\Lib\site-packages\django\core\handlers\exception.py", line 55, in inner
    response = get_response(request)
  File "C:\KTU_PS\Bakalauras\FolklorasProj\venv1\Lib\site-packages\django\core\handlers\base.py", line 197, in _get_response
    response = wrapped_callback(request, *callback_args, **callback_kwargs)
  File "C:\KTU_PS\Bakalauras\FolklorasProj\Repeticijos\views.py", line 14, in repeticijos_list
    return render(request, 'repeticijos.html', {'repeticijos': repeticijos})
  File "C:\KTU_PS\Bakalauras\FolklorasProj\venv1\Lib\site-packages\django\shortcuts.py", line 25, in render
    content = loader.render_to_string(template_name, context, request, using=using)
  File "C:\KTU_PS\Bakalauras\FolklorasProj\venv1\Lib\site-packages\django\template\loader.py", line 62, in render_to_string
    return template.render(context, request)
           ~~~~~~~~~~~~~~~^^^^^^^^^^^^^^^^^^
  File "C:\KTU_PS\Bakalauras\FolklorasProj\venv1\Lib\site-packages\django\template\backends\django.py", line 61, in render
    return self.template.render(context)
           ~~~~~~~~~~~~~~~~~~~~^^^^^^^^^
  File "C:\KTU_PS\Bakalauras\FolklorasProj\venv1\Lib\site-packages\django\template\base.py", line 171, in render
    return self._render(context)
           ~~~~~~~~~~~~^^^^^^^^^
  File "C:\KTU_PS\Bakalauras\FolklorasProj\venv1\Lib\site-packages\django\template\base.py", line 163, in _render
    return self.nodelist.render(context)
           ~~~~~~~~~~~~~~~~~~~~^^^^^^^^^
  File "C:\KTU_PS\Bakalauras\FolklorasProj\venv1\Lib\site-packages\django\template\base.py", line 1000, in render
    return SafeString("".join([node.render_annotated(context) for node in self]))
                               ~~~~~~~~~~~~~~~~~~~~~^^^^^^^^^
  File "C:\KTU_PS\Bakalauras\FolklorasProj\venv1\Lib\site-packages\django\template\base.py", line 961, in render_annotated
    return self.render(context)
           ~~~~~~~~~~~^^^^^^^^^
  File "C:\KTU_PS\Bakalauras\FolklorasProj\venv1\Lib\site-packages\django\template\loader_tags.py", line 159, in render
    return compiled_parent._render(context)
           ~~~~~~~~~~~~~~~~~~~~~~~^^^^^^^^^
  File "C:\KTU_PS\Bakalauras\FolklorasProj\venv1\Lib\site-packages\django\template\base.py", line 163, in _render
    return self.nodelist.render(context)
           ~~~~~~~~~~~~~~~~~~~~^^^^^^^^^
  File "C:\KTU_PS\Bakalauras\FolklorasProj\venv1\Lib\site-packages\django\template\base.py", line 1000, in render
    return SafeString("".join([node.render_annotated(context) for node in self]))
                               ~~~~~~~~~~~~~~~~~~~~~^^^^^^^^^
  File "C:\KTU_PS\Bakalauras\FolklorasProj\venv1\Lib\site-packages\django\template\base.py", line 961, in render_annotated
    return self.render(context)
           ~~~~~~~~~~~^^^^^^^^^
  File "C:\KTU_PS\Bakalauras\FolklorasProj\venv1\Lib\site-packages\django\template\loader_tags.py", line 65, in render
    result = block.nodelist.render(context)
  File "C:\KTU_PS\Bakalauras\FolklorasProj\venv1\Lib\site-packages\django\template\base.py", line 1000, in render
    return SafeString("".join([node.render_annotated(context) for node in self]))
                               ~~~~~~~~~~~~~~~~~~~~~^^^^^^^^^
  File "C:\KTU_PS\Bakalauras\FolklorasProj\venv1\Lib\site-packages\django\template\base.py", line 961, in render_annotated
    return self.render(context)
           ~~~~~~~~~~~^^^^^^^^^
  File "C:\KTU_PS\Bakalauras\FolklorasProj\venv1\Lib\site-packages\django\template\defaulttags.py", line 198, in render
    len_values = len(values)
  File "C:\KTU_PS\Bakalauras\FolklorasProj\venv1\Lib\site-packages\django\db\models\query.py", line 382, in __len__
    self._fetch_all()
    ~~~~~~~~~~~~~~~^^
  File "C:\KTU_PS\Bakalauras\FolklorasProj\venv1\Lib\site-packages\django\db\models\query.py", line 1928, in _fetch_all
    self._result_cache = list(self._iterable_class(self))
                         ~~~~^^^^^^^^^^^^^^^^^^^^^^^^^^^^
  File "C:\KTU_PS\Bakalauras\FolklorasProj\venv1\Lib\site-packages\django\db\models\query.py", line 91, in __iter__
    results = compiler.execute_sql(
        chunked_fetch=self.chunked_fetch, chunk_size=self.chunk_size
    )
  File "C:\KTU_PS\Bakalauras\FolklorasProj\venv1\Lib\site-packages\django\db\models\sql\compiler.py", line 1562, in execute_sql
    cursor.execute(sql, params)
    ~~~~~~~~~~~~~~^^^^^^^^^^^^^
  File "C:\KTU_PS\Bakalauras\FolklorasProj\venv1\Lib\site-packages\django\db\backends\utils.py", line 79, in execute
    return self._execute_with_wrappers(
           ~~~~~~~~~~~~~~~~~~~~~~~~~~~^
        sql, params, many=False, executor=self._execute
        ^^^^^^^^^^^^^^^^^^^^^^^^^^^^^^^^^^^^^^^^^^^^^^^
    )
    ^
  File "C:\KTU_PS\Bakalauras\FolklorasProj\venv1\Lib\site-packages\django\db\backends\utils.py", line 92, in _execute_with_wrappers
    return executor(sql, params, many, context)
  File "C:\KTU_PS\Bakalauras\FolklorasProj\venv1\Lib\site-packages\django\db\backends\utils.py", line 100, in _execute
    with self.db.wrap_database_errors:
         ^^^^^^^^^^^^^^^^^^^^^^^^^^^^
  File "C:\KTU_PS\Bakalauras\FolklorasProj\venv1\Lib\site-packages\django\db\utils.py", line 91, in __exit__
    raise dj_exc_value.with_traceback(traceback) from exc_value
  File "C:\KTU_PS\Bakalauras\FolklorasProj\venv1\Lib\site-packages\django\db\backends\utils.py", line 105, in _execute
    return self.cursor.execute(sql, params)
           ~~~~~~~~~~~~~~~~~~~^^^^^^^^^^^^^
django.db.utils.ProgrammingError: column Repeticijos_repeticija.created does not exist
LINE 1: ..."."pavadinimas", "Repeticijos_repeticija"."data", "Repeticij...
                                                             ^

"GET /repeticijos/ HTTP/1.1" 500 306
Internal Server Error: /repeticijos/2/edit/
Traceback (most recent call last):
  File "C:\KTU_PS\Bakalauras\FolklorasProj\venv1\Lib\site-packages\django\core\handlers\exception.py", line 55, in inner
    response = get_response(request)
  File "C:\KTU_PS\Bakalauras\FolklorasProj\venv1\Lib\site-packages\django\core\handlers\base.py", line 197, in _get_response
    response = wrapped_callback(request, *callback_args, **callback_kwargs)
  File "C:\KTU_PS\Bakalauras\FolklorasProj\venv1\Lib\site-packages\django\contrib\auth\decorators.py", line 23, in _wrapper_view
    return view_func(request, *args, **kwargs)
  File "C:\KTU_PS\Bakalauras\FolklorasProj\Repeticijos\views.py", line 86, in repeticija_edit
    return render(request, "repeticija_edit.html", {
        "repeticija": repeticija,
        "all_kuriniai": all_kuriniai,
        "ansambliai": ansambliai
    })
  File "C:\KTU_PS\Bakalauras\FolklorasProj\venv1\Lib\site-packages\django\shortcuts.py", line 25, in render
    content = loader.render_to_string(template_name, context, request, using=using)
  File "C:\KTU_PS\Bakalauras\FolklorasProj\venv1\Lib\site-packages\django\template\loader.py", line 61, in render_to_string
    template = get_template(template_name, using=using)
  File "C:\KTU_PS\Bakalauras\FolklorasProj\venv1\Lib\site-packages\django\template\loader.py", line 15, in get_template
    return engine.get_template(template_name)
           ~~~~~~~~~~~~~~~~~~~^^^^^^^^^^^^^^^
  File "C:\KTU_PS\Bakalauras\FolklorasProj\venv1\Lib\site-packages\django\template\backends\django.py", line 33, in get_template
    return Template(self.engine.get_template(template_name), self)
                    ~~~~~~~~~~~~~~~~~~~~~~~~^^^^^^^^^^^^^^^
  File "C:\KTU_PS\Bakalauras\FolklorasProj\venv1\Lib\site-packages\django\template\engine.py", line 177, in get_template
    template, origin = self.find_template(template_name)
                       ~~~~~~~~~~~~~~~~~~^^^^^^^^^^^^^^^
  File "C:\KTU_PS\Bakalauras\FolklorasProj\venv1\Lib\site-packages\django\template\engine.py", line 159, in find_template
    template = loader.get_template(name, skip=skip)
  File "C:\KTU_PS\Bakalauras\FolklorasProj\venv1\Lib\site-packages\django\template\loaders\cached.py", line 57, in get_template
    template = super().get_template(template_name, skip)
  File "C:\KTU_PS\Bakalauras\FolklorasProj\venv1\Lib\site-packages\django\template\loaders\base.py", line 28, in get_template
    return Template(
        contents,
    ...<2 lines>...
        self.engine,
    )
  File "C:\KTU_PS\Bakalauras\FolklorasProj\venv1\Lib\site-packages\django\template\base.py", line 154, in __init__
    self.nodelist = self.compile_nodelist()
                    ~~~~~~~~~~~~~~~~~~~~~^^
  File "C:\KTU_PS\Bakalauras\FolklorasProj\venv1\Lib\site-packages\django\template\base.py", line 196, in compile_nodelist
    return parser.parse()
           ~~~~~~~~~~~~^^
  File "C:\KTU_PS\Bakalauras\FolklorasProj\venv1\Lib\site-packages\django\template\base.py", line 510, in parse
    raise self.error(token, e)
  File "C:\KTU_PS\Bakalauras\FolklorasProj\venv1\Lib\site-packages\django\template\base.py", line 508, in parse
    compiled_result = compile_func(self, token)
  File "C:\KTU_PS\Bakalauras\FolklorasProj\venv1\Lib\site-packages\django\template\loader_tags.py", line 295, in do_extends
    nodelist = parser.parse()
  File "C:\KTU_PS\Bakalauras\FolklorasProj\venv1\Lib\site-packages\django\template\base.py", line 510, in parse
    raise self.error(token, e)
  File "C:\KTU_PS\Bakalauras\FolklorasProj\venv1\Lib\site-packages\django\template\base.py", line 508, in parse
    compiled_result = compile_func(self, token)
  File "C:\KTU_PS\Bakalauras\FolklorasProj\venv1\Lib\site-packages\django\template\loader_tags.py", line 234, in do_block
    nodelist = parser.parse(("endblock",))
  File "C:\KTU_PS\Bakalauras\FolklorasProj\venv1\Lib\site-packages\django\template\base.py", line 510, in parse
    raise self.error(token, e)
  File "C:\KTU_PS\Bakalauras\FolklorasProj\venv1\Lib\site-packages\django\template\base.py", line 508, in parse
    compiled_result = compile_func(self, token)
  File "C:\KTU_PS\Bakalauras\FolklorasProj\venv1\Lib\site-packages\django\template\defaulttags.py", line 861, in do_for
    nodelist_loop = parser.parse(
        (
    ...<2 lines>...
        )
    )
  File "C:\KTU_PS\Bakalauras\FolklorasProj\venv1\Lib\site-packages\django\template\base.py", line 510, in parse
    raise self.error(token, e)
  File "C:\KTU_PS\Bakalauras\FolklorasProj\venv1\Lib\site-packages\django\template\base.py", line 508, in parse
    compiled_result = compile_func(self, token)
  File "C:\KTU_PS\Bakalauras\FolklorasProj\venv1\Lib\site-packages\django\template\defaulttags.py", line 1496, in do_with
    raise TemplateSyntaxError(
        "%r received an invalid token: %r" % (bits[0], remaining_bits[0])
    )
django.template.exceptions.TemplateSyntaxError: 'with' received an invalid token: 'in'
"GET /repeticijos/2/edit/ HTTP/1.1" 500 306
Internal Server Error: /repeticijos/2/edit/
Traceback (most recent call last):
  File "C:\KTU_PS\Bakalauras\FolklorasProj\venv1\Lib\site-packages\django\core\handlers\exception.py", line 55, in inner
    response = get_response(request)
  File "C:\KTU_PS\Bakalauras\FolklorasProj\venv1\Lib\site-packages\django\core\handlers\base.py", line 197, in _get_response
    response = wrapped_callback(request, *callback_args, **callback_kwargs)
  File "C:\KTU_PS\Bakalauras\FolklorasProj\venv1\Lib\site-packages\django\contrib\auth\decorators.py", line 23, in _wrapper_view
    return view_func(request, *args, **kwargs)
  File "C:\KTU_PS\Bakalauras\FolklorasProj\Repeticijos\views.py", line 86, in repeticija_edit
    return render(request, "repeticija_edit.html", {
        "repeticija": repeticija,
        "all_kuriniai": all_kuriniai,
        "ansambliai": ansambliai
    })
  File "C:\KTU_PS\Bakalauras\FolklorasProj\venv1\Lib\site-packages\django\shortcuts.py", line 25, in render
    content = loader.render_to_string(template_name, context, request, using=using)
  File "C:\KTU_PS\Bakalauras\FolklorasProj\venv1\Lib\site-packages\django\template\loader.py", line 61, in render_to_string
    template = get_template(template_name, using=using)
  File "C:\KTU_PS\Bakalauras\FolklorasProj\venv1\Lib\site-packages\django\template\loader.py", line 15, in get_template
    return engine.get_template(template_name)
           ~~~~~~~~~~~~~~~~~~~^^^^^^^^^^^^^^^
  File "C:\KTU_PS\Bakalauras\FolklorasProj\venv1\Lib\site-packages\django\template\backends\django.py", line 33, in get_template
    return Template(self.engine.get_template(template_name), self)
                    ~~~~~~~~~~~~~~~~~~~~~~~~^^^^^^^^^^^^^^^
  File "C:\KTU_PS\Bakalauras\FolklorasProj\venv1\Lib\site-packages\django\template\engine.py", line 177, in get_template
    template, origin = self.find_template(template_name)
                       ~~~~~~~~~~~~~~~~~~^^^^^^^^^^^^^^^
  File "C:\KTU_PS\Bakalauras\FolklorasProj\venv1\Lib\site-packages\django\template\engine.py", line 159, in find_template
    template = loader.get_template(name, skip=skip)
  File "C:\KTU_PS\Bakalauras\FolklorasProj\venv1\Lib\site-packages\django\template\loaders\cached.py", line 57, in get_template
    template = super().get_template(template_name, skip)
  File "C:\KTU_PS\Bakalauras\FolklorasProj\venv1\Lib\site-packages\django\template\loaders\base.py", line 28, in get_template
    return Template(
        contents,
    ...<2 lines>...
        self.engine,
    )
  File "C:\KTU_PS\Bakalauras\FolklorasProj\venv1\Lib\site-packages\django\template\base.py", line 154, in __init__
    self.nodelist = self.compile_nodelist()
                    ~~~~~~~~~~~~~~~~~~~~~^^
  File "C:\KTU_PS\Bakalauras\FolklorasProj\venv1\Lib\site-packages\django\template\base.py", line 196, in compile_nodelist
    return parser.parse()
           ~~~~~~~~~~~~^^
  File "C:\KTU_PS\Bakalauras\FolklorasProj\venv1\Lib\site-packages\django\template\base.py", line 510, in parse
    raise self.error(token, e)
  File "C:\KTU_PS\Bakalauras\FolklorasProj\venv1\Lib\site-packages\django\template\base.py", line 508, in parse
    compiled_result = compile_func(self, token)
  File "C:\KTU_PS\Bakalauras\FolklorasProj\venv1\Lib\site-packages\django\template\loader_tags.py", line 295, in do_extends
    nodelist = parser.parse()
  File "C:\KTU_PS\Bakalauras\FolklorasProj\venv1\Lib\site-packages\django\template\base.py", line 510, in parse
    raise self.error(token, e)
  File "C:\KTU_PS\Bakalauras\FolklorasProj\venv1\Lib\site-packages\django\template\base.py", line 508, in parse
    compiled_result = compile_func(self, token)
  File "C:\KTU_PS\Bakalauras\FolklorasProj\venv1\Lib\site-packages\django\template\loader_tags.py", line 234, in do_block
    nodelist = parser.parse(("endblock",))
  File "C:\KTU_PS\Bakalauras\FolklorasProj\venv1\Lib\site-packages\django\template\base.py", line 510, in parse
    raise self.error(token, e)
  File "C:\KTU_PS\Bakalauras\FolklorasProj\venv1\Lib\site-packages\django\template\base.py", line 508, in parse
    compiled_result = compile_func(self, token)
  File "C:\KTU_PS\Bakalauras\FolklorasProj\venv1\Lib\site-packages\django\template\defaulttags.py", line 861, in do_for
    nodelist_loop = parser.parse(
        (
    ...<2 lines>...
        )
    )
  File "C:\KTU_PS\Bakalauras\FolklorasProj\venv1\Lib\site-packages\django\template\base.py", line 510, in parse
    raise self.error(token, e)
  File "C:\KTU_PS\Bakalauras\FolklorasProj\venv1\Lib\site-packages\django\template\base.py", line 508, in parse
    compiled_result = compile_func(self, token)
  File "C:\KTU_PS\Bakalauras\FolklorasProj\venv1\Lib\site-packages\django\template\defaulttags.py", line 1496, in do_with
    raise TemplateSyntaxError(
        "%r received an invalid token: %r" % (bits[0], remaining_bits[0])
    )
django.template.exceptions.TemplateSyntaxError: 'with' received an invalid token: 'in'
"GET /repeticijos/2/edit/ HTTP/1.1" 500 306
Internal Server Error: /repeticijos/2/edit/
Traceback (most recent call last):
  File "C:\KTU_PS\Bakalauras\FolklorasProj\venv1\Lib\site-packages\django\core\handlers\exception.py", line 55, in inner
    response = get_response(request)
  File "C:\KTU_PS\Bakalauras\FolklorasProj\venv1\Lib\site-packages\django\core\handlers\base.py", line 197, in _get_response
    response = wrapped_callback(request, *callback_args, **callback_kwargs)
  File "C:\KTU_PS\Bakalauras\FolklorasProj\venv1\Lib\site-packages\django\contrib\auth\decorators.py", line 23, in _wrapper_view
    return view_func(request, *args, **kwargs)
  File "C:\KTU_PS\Bakalauras\FolklorasProj\Repeticijos\views.py", line 86, in repeticija_edit
    return render(request, "repeticija_edit.html", {
        "repeticija": repeticija,
        "all_kuriniai": all_kuriniai,
        "ansambliai": ansambliai
    })
  File "C:\KTU_PS\Bakalauras\FolklorasProj\venv1\Lib\site-packages\django\shortcuts.py", line 25, in render
    content = loader.render_to_string(template_name, context, request, using=using)
  File "C:\KTU_PS\Bakalauras\FolklorasProj\venv1\Lib\site-packages\django\template\loader.py", line 61, in render_to_string
    template = get_template(template_name, using=using)
  File "C:\KTU_PS\Bakalauras\FolklorasProj\venv1\Lib\site-packages\django\template\loader.py", line 15, in get_template
    return engine.get_template(template_name)
           ~~~~~~~~~~~~~~~~~~~^^^^^^^^^^^^^^^
  File "C:\KTU_PS\Bakalauras\FolklorasProj\venv1\Lib\site-packages\django\template\backends\django.py", line 33, in get_template
    return Template(self.engine.get_template(template_name), self)
                    ~~~~~~~~~~~~~~~~~~~~~~~~^^^^^^^^^^^^^^^
  File "C:\KTU_PS\Bakalauras\FolklorasProj\venv1\Lib\site-packages\django\template\engine.py", line 177, in get_template
    template, origin = self.find_template(template_name)
                       ~~~~~~~~~~~~~~~~~~^^^^^^^^^^^^^^^
  File "C:\KTU_PS\Bakalauras\FolklorasProj\venv1\Lib\site-packages\django\template\engine.py", line 159, in find_template
    template = loader.get_template(name, skip=skip)
  File "C:\KTU_PS\Bakalauras\FolklorasProj\venv1\Lib\site-packages\django\template\loaders\cached.py", line 57, in get_template
    template = super().get_template(template_name, skip)
  File "C:\KTU_PS\Bakalauras\FolklorasProj\venv1\Lib\site-packages\django\template\loaders\base.py", line 28, in get_template
    return Template(
        contents,
    ...<2 lines>...
        self.engine,
    )
  File "C:\KTU_PS\Bakalauras\FolklorasProj\venv1\Lib\site-packages\django\template\base.py", line 154, in __init__
    self.nodelist = self.compile_nodelist()
                    ~~~~~~~~~~~~~~~~~~~~~^^
  File "C:\KTU_PS\Bakalauras\FolklorasProj\venv1\Lib\site-packages\django\template\base.py", line 196, in compile_nodelist
    return parser.parse()
           ~~~~~~~~~~~~^^
  File "C:\KTU_PS\Bakalauras\FolklorasProj\venv1\Lib\site-packages\django\template\base.py", line 510, in parse
    raise self.error(token, e)
  File "C:\KTU_PS\Bakalauras\FolklorasProj\venv1\Lib\site-packages\django\template\base.py", line 508, in parse
    compiled_result = compile_func(self, token)
  File "C:\KTU_PS\Bakalauras\FolklorasProj\venv1\Lib\site-packages\django\template\loader_tags.py", line 295, in do_extends
    nodelist = parser.parse()
  File "C:\KTU_PS\Bakalauras\FolklorasProj\venv1\Lib\site-packages\django\template\base.py", line 510, in parse
    raise self.error(token, e)
  File "C:\KTU_PS\Bakalauras\FolklorasProj\venv1\Lib\site-packages\django\template\base.py", line 508, in parse
    compiled_result = compile_func(self, token)
  File "C:\KTU_PS\Bakalauras\FolklorasProj\venv1\Lib\site-packages\django\template\loader_tags.py", line 234, in do_block
    nodelist = parser.parse(("endblock",))
  File "C:\KTU_PS\Bakalauras\FolklorasProj\venv1\Lib\site-packages\django\template\base.py", line 510, in parse
    raise self.error(token, e)
  File "C:\KTU_PS\Bakalauras\FolklorasProj\venv1\Lib\site-packages\django\template\base.py", line 508, in parse
    compiled_result = compile_func(self, token)
  File "C:\KTU_PS\Bakalauras\FolklorasProj\venv1\Lib\site-packages\django\template\defaulttags.py", line 861, in do_for
    nodelist_loop = parser.parse(
        (
    ...<2 lines>...
        )
    )
  File "C:\KTU_PS\Bakalauras\FolklorasProj\venv1\Lib\site-packages\django\template\base.py", line 510, in parse
    raise self.error(token, e)
  File "C:\KTU_PS\Bakalauras\FolklorasProj\venv1\Lib\site-packages\django\template\base.py", line 508, in parse
    compiled_result = compile_func(self, token)
  File "C:\KTU_PS\Bakalauras\FolklorasProj\venv1\Lib\site-packages\django\template\defaulttags.py", line 1496, in do_with
    raise TemplateSyntaxError(
        "%r received an invalid token: %r" % (bits[0], remaining_bits[0])
    )
django.template.exceptions.TemplateSyntaxError: 'with' received an invalid token: 'in'
"GET /repeticijos/2/edit/ HTTP/1.1" 500 145
Internal Server Error: /repeticijos/2/edit/
Traceback (most recent call last):
  File "C:\KTU_PS\Bakalauras\FolklorasProj\venv1\Lib\site-packages\django\core\handlers\exception.py", line 55, in inner
    response = get_response(request)
  File "C:\KTU_PS\Bakalauras\FolklorasProj\venv1\Lib\site-packages\django\core\handlers\base.py", line 197, in _get_response
    response = wrapped_callback(request, *callback_args, **callback_kwargs)
  File "C:\KTU_PS\Bakalauras\FolklorasProj\venv1\Lib\site-packages\django\contrib\auth\decorators.py", line 23, in _wrapper_view
    return view_func(request, *args, **kwargs)
  File "C:\KTU_PS\Bakalauras\FolklorasProj\Repeticijos\views.py", line 86, in repeticija_edit
    return render(request, "repeticija_edit.html", {
        "repeticija": repeticija,
        "all_kuriniai": all_kuriniai,
        "ansambliai": ansambliai
    })
  File "C:\KTU_PS\Bakalauras\FolklorasProj\venv1\Lib\site-packages\django\shortcuts.py", line 25, in render
    content = loader.render_to_string(template_name, context, request, using=using)
  File "C:\KTU_PS\Bakalauras\FolklorasProj\venv1\Lib\site-packages\django\template\loader.py", line 61, in render_to_string
    template = get_template(template_name, using=using)
  File "C:\KTU_PS\Bakalauras\FolklorasProj\venv1\Lib\site-packages\django\template\loader.py", line 15, in get_template
    return engine.get_template(template_name)
           ~~~~~~~~~~~~~~~~~~~^^^^^^^^^^^^^^^
  File "C:\KTU_PS\Bakalauras\FolklorasProj\venv1\Lib\site-packages\django\template\backends\django.py", line 33, in get_template
    return Template(self.engine.get_template(template_name), self)
                    ~~~~~~~~~~~~~~~~~~~~~~~~^^^^^^^^^^^^^^^
  File "C:\KTU_PS\Bakalauras\FolklorasProj\venv1\Lib\site-packages\django\template\engine.py", line 177, in get_template
    template, origin = self.find_template(template_name)
                       ~~~~~~~~~~~~~~~~~~^^^^^^^^^^^^^^^
  File "C:\KTU_PS\Bakalauras\FolklorasProj\venv1\Lib\site-packages\django\template\engine.py", line 159, in find_template
    template = loader.get_template(name, skip=skip)
  File "C:\KTU_PS\Bakalauras\FolklorasProj\venv1\Lib\site-packages\django\template\loaders\cached.py", line 57, in get_template
    template = super().get_template(template_name, skip)
  File "C:\KTU_PS\Bakalauras\FolklorasProj\venv1\Lib\site-packages\django\template\loaders\base.py", line 28, in get_template
    return Template(
        contents,
    ...<2 lines>...
        self.engine,
    )
  File "C:\KTU_PS\Bakalauras\FolklorasProj\venv1\Lib\site-packages\django\template\base.py", line 154, in __init__
    self.nodelist = self.compile_nodelist()
                    ~~~~~~~~~~~~~~~~~~~~~^^
  File "C:\KTU_PS\Bakalauras\FolklorasProj\venv1\Lib\site-packages\django\template\base.py", line 196, in compile_nodelist
    return parser.parse()
           ~~~~~~~~~~~~^^
  File "C:\KTU_PS\Bakalauras\FolklorasProj\venv1\Lib\site-packages\django\template\base.py", line 510, in parse
    raise self.error(token, e)
  File "C:\KTU_PS\Bakalauras\FolklorasProj\venv1\Lib\site-packages\django\template\base.py", line 508, in parse
    compiled_result = compile_func(self, token)
  File "C:\KTU_PS\Bakalauras\FolklorasProj\venv1\Lib\site-packages\django\template\loader_tags.py", line 295, in do_extends
    nodelist = parser.parse()
  File "C:\KTU_PS\Bakalauras\FolklorasProj\venv1\Lib\site-packages\django\template\base.py", line 510, in parse
    raise self.error(token, e)
  File "C:\KTU_PS\Bakalauras\FolklorasProj\venv1\Lib\site-packages\django\template\base.py", line 508, in parse
    compiled_result = compile_func(self, token)
  File "C:\KTU_PS\Bakalauras\FolklorasProj\venv1\Lib\site-packages\django\template\loader_tags.py", line 234, in do_block
    nodelist = parser.parse(("endblock",))
  File "C:\KTU_PS\Bakalauras\FolklorasProj\venv1\Lib\site-packages\django\template\base.py", line 510, in parse
    raise self.error(token, e)
  File "C:\KTU_PS\Bakalauras\FolklorasProj\venv1\Lib\site-packages\django\template\base.py", line 508, in parse
    compiled_result = compile_func(self, token)
  File "C:\KTU_PS\Bakalauras\FolklorasProj\venv1\Lib\site-packages\django\template\defaulttags.py", line 861, in do_for
    nodelist_loop = parser.parse(
        (
    ...<2 lines>...
        )
    )
  File "C:\KTU_PS\Bakalauras\FolklorasProj\venv1\Lib\site-packages\django\template\base.py", line 510, in parse
    raise self.error(token, e)
  File "C:\KTU_PS\Bakalauras\FolklorasProj\venv1\Lib\site-packages\django\template\base.py", line 508, in parse
    compiled_result = compile_func(self, token)
  File "C:\KTU_PS\Bakalauras\FolklorasProj\venv1\Lib\site-packages\django\template\defaulttags.py", line 1496, in do_with
    raise TemplateSyntaxError(
        "%r received an invalid token: %r" % (bits[0], remaining_bits[0])
    )
django.template.exceptions.TemplateSyntaxError: 'with' received an invalid token: 'in'
"GET /repeticijos/2/edit/ HTTP/1.1" 500 145
Internal Server Error: /repeticijos/8/edit/
Traceback (most recent call last):
  File "C:\KTU_PS\Bakalauras\FolklorasProj\venv1\Lib\site-packages\django\core\handlers\exception.py", line 55, in inner
    response = get_response(request)
  File "C:\KTU_PS\Bakalauras\FolklorasProj\venv1\Lib\site-packages\django\core\handlers\base.py", line 197, in _get_response
    response = wrapped_callback(request, *callback_args, **callback_kwargs)
  File "C:\KTU_PS\Bakalauras\FolklorasProj\venv1\Lib\site-packages\django\contrib\auth\decorators.py", line 23, in _wrapper_view
    return view_func(request, *args, **kwargs)
  File "C:\KTU_PS\Bakalauras\FolklorasProj\Repeticijos\views.py", line 86, in repeticija_edit
    return render(request, "repeticija_edit.html", {
        "repeticija": repeticija,
        "all_kuriniai": all_kuriniai,
        "ansambliai": ansambliai
    })
  File "C:\KTU_PS\Bakalauras\FolklorasProj\venv1\Lib\site-packages\django\shortcuts.py", line 25, in render
    content = loader.render_to_string(template_name, context, request, using=using)
  File "C:\KTU_PS\Bakalauras\FolklorasProj\venv1\Lib\site-packages\django\template\loader.py", line 61, in render_to_string
    template = get_template(template_name, using=using)
  File "C:\KTU_PS\Bakalauras\FolklorasProj\venv1\Lib\site-packages\django\template\loader.py", line 15, in get_template
    return engine.get_template(template_name)
           ~~~~~~~~~~~~~~~~~~~^^^^^^^^^^^^^^^
  File "C:\KTU_PS\Bakalauras\FolklorasProj\venv1\Lib\site-packages\django\template\backends\django.py", line 33, in get_template
    return Template(self.engine.get_template(template_name), self)
                    ~~~~~~~~~~~~~~~~~~~~~~~~^^^^^^^^^^^^^^^
  File "C:\KTU_PS\Bakalauras\FolklorasProj\venv1\Lib\site-packages\django\template\engine.py", line 177, in get_template
    template, origin = self.find_template(template_name)
                       ~~~~~~~~~~~~~~~~~~^^^^^^^^^^^^^^^
  File "C:\KTU_PS\Bakalauras\FolklorasProj\venv1\Lib\site-packages\django\template\engine.py", line 159, in find_template
    template = loader.get_template(name, skip=skip)
  File "C:\KTU_PS\Bakalauras\FolklorasProj\venv1\Lib\site-packages\django\template\loaders\cached.py", line 57, in get_template
    template = super().get_template(template_name, skip)
  File "C:\KTU_PS\Bakalauras\FolklorasProj\venv1\Lib\site-packages\django\template\loaders\base.py", line 28, in get_template
    return Template(
        contents,
    ...<2 lines>...
        self.engine,
    )
  File "C:\KTU_PS\Bakalauras\FolklorasProj\venv1\Lib\site-packages\django\template\base.py", line 154, in __init__
    self.nodelist = self.compile_nodelist()
                    ~~~~~~~~~~~~~~~~~~~~~^^
  File "C:\KTU_PS\Bakalauras\FolklorasProj\venv1\Lib\site-packages\django\template\base.py", line 196, in compile_nodelist
    return parser.parse()
           ~~~~~~~~~~~~^^
  File "C:\KTU_PS\Bakalauras\FolklorasProj\venv1\Lib\site-packages\django\template\base.py", line 510, in parse
    raise self.error(token, e)
  File "C:\KTU_PS\Bakalauras\FolklorasProj\venv1\Lib\site-packages\django\template\base.py", line 508, in parse
    compiled_result = compile_func(self, token)
  File "C:\KTU_PS\Bakalauras\FolklorasProj\venv1\Lib\site-packages\django\template\loader_tags.py", line 295, in do_extends
    nodelist = parser.parse()
  File "C:\KTU_PS\Bakalauras\FolklorasProj\venv1\Lib\site-packages\django\template\base.py", line 510, in parse
    raise self.error(token, e)
  File "C:\KTU_PS\Bakalauras\FolklorasProj\venv1\Lib\site-packages\django\template\base.py", line 508, in parse
    compiled_result = compile_func(self, token)
  File "C:\KTU_PS\Bakalauras\FolklorasProj\venv1\Lib\site-packages\django\template\loader_tags.py", line 234, in do_block
    nodelist = parser.parse(("endblock",))
  File "C:\KTU_PS\Bakalauras\FolklorasProj\venv1\Lib\site-packages\django\template\base.py", line 510, in parse
    raise self.error(token, e)
  File "C:\KTU_PS\Bakalauras\FolklorasProj\venv1\Lib\site-packages\django\template\base.py", line 508, in parse
    compiled_result = compile_func(self, token)
  File "C:\KTU_PS\Bakalauras\FolklorasProj\venv1\Lib\site-packages\django\template\defaulttags.py", line 861, in do_for
    nodelist_loop = parser.parse(
        (
    ...<2 lines>...
        )
    )
  File "C:\KTU_PS\Bakalauras\FolklorasProj\venv1\Lib\site-packages\django\template\base.py", line 510, in parse
    raise self.error(token, e)
  File "C:\KTU_PS\Bakalauras\FolklorasProj\venv1\Lib\site-packages\django\template\base.py", line 508, in parse
    compiled_result = compile_func(self, token)
  File "C:\KTU_PS\Bakalauras\FolklorasProj\venv1\Lib\site-packages\django\template\defaulttags.py", line 1496, in do_with
    raise TemplateSyntaxError(
        "%r received an invalid token: %r" % (bits[0], remaining_bits[0])
    )
django.template.exceptions.TemplateSyntaxError: 'with' received an invalid token: 'in'
"GET /repeticijos/8/edit/ HTTP/1.1" 500 145
Internal Server Error: /repeticijos/8/edit/
Traceback (most recent call last):
  File "C:\KTU_PS\Bakalauras\FolklorasProj\venv1\Lib\site-packages\django\core\handlers\exception.py", line 55, in inner
    response = get_response(request)
  File "C:\KTU_PS\Bakalauras\FolklorasProj\venv1\Lib\site-packages\django\core\handlers\base.py", line 197, in _get_response
    response = wrapped_callback(request, *callback_args, **callback_kwargs)
  File "C:\KTU_PS\Bakalauras\FolklorasProj\venv1\Lib\site-packages\django\contrib\auth\decorators.py", line 23, in _wrapper_view
    return view_func(request, *args, **kwargs)
  File "C:\KTU_PS\Bakalauras\FolklorasProj\Repeticijos\views.py", line 86, in repeticija_edit
    return render(request, "repeticija_edit.html", {
        "repeticija": repeticija,
        "all_kuriniai": all_kuriniai,
        "ansambliai": ansambliai
    })
  File "C:\KTU_PS\Bakalauras\FolklorasProj\venv1\Lib\site-packages\django\shortcuts.py", line 25, in render
    content = loader.render_to_string(template_name, context, request, using=using)
  File "C:\KTU_PS\Bakalauras\FolklorasProj\venv1\Lib\site-packages\django\template\loader.py", line 61, in render_to_string
    template = get_template(template_name, using=using)
  File "C:\KTU_PS\Bakalauras\FolklorasProj\venv1\Lib\site-packages\django\template\loader.py", line 15, in get_template
    return engine.get_template(template_name)
           ~~~~~~~~~~~~~~~~~~~^^^^^^^^^^^^^^^
  File "C:\KTU_PS\Bakalauras\FolklorasProj\venv1\Lib\site-packages\django\template\backends\django.py", line 33, in get_template
    return Template(self.engine.get_template(template_name), self)
                    ~~~~~~~~~~~~~~~~~~~~~~~~^^^^^^^^^^^^^^^
  File "C:\KTU_PS\Bakalauras\FolklorasProj\venv1\Lib\site-packages\django\template\engine.py", line 177, in get_template
    template, origin = self.find_template(template_name)
                       ~~~~~~~~~~~~~~~~~~^^^^^^^^^^^^^^^
  File "C:\KTU_PS\Bakalauras\FolklorasProj\venv1\Lib\site-packages\django\template\engine.py", line 159, in find_template
    template = loader.get_template(name, skip=skip)
  File "C:\KTU_PS\Bakalauras\FolklorasProj\venv1\Lib\site-packages\django\template\loaders\cached.py", line 57, in get_template
    template = super().get_template(template_name, skip)
  File "C:\KTU_PS\Bakalauras\FolklorasProj\venv1\Lib\site-packages\django\template\loaders\base.py", line 28, in get_template
    return Template(
        contents,
    ...<2 lines>...
        self.engine,
    )
  File "C:\KTU_PS\Bakalauras\FolklorasProj\venv1\Lib\site-packages\django\template\base.py", line 154, in __init__
    self.nodelist = self.compile_nodelist()
                    ~~~~~~~~~~~~~~~~~~~~~^^
  File "C:\KTU_PS\Bakalauras\FolklorasProj\venv1\Lib\site-packages\django\template\base.py", line 196, in compile_nodelist
    return parser.parse()
           ~~~~~~~~~~~~^^
  File "C:\KTU_PS\Bakalauras\FolklorasProj\venv1\Lib\site-packages\django\template\base.py", line 510, in parse
    raise self.error(token, e)
  File "C:\KTU_PS\Bakalauras\FolklorasProj\venv1\Lib\site-packages\django\template\base.py", line 508, in parse
    compiled_result = compile_func(self, token)
  File "C:\KTU_PS\Bakalauras\FolklorasProj\venv1\Lib\site-packages\django\template\loader_tags.py", line 295, in do_extends
    nodelist = parser.parse()
  File "C:\KTU_PS\Bakalauras\FolklorasProj\venv1\Lib\site-packages\django\template\base.py", line 510, in parse
    raise self.error(token, e)
  File "C:\KTU_PS\Bakalauras\FolklorasProj\venv1\Lib\site-packages\django\template\base.py", line 508, in parse
    compiled_result = compile_func(self, token)
  File "C:\KTU_PS\Bakalauras\FolklorasProj\venv1\Lib\site-packages\django\template\loader_tags.py", line 234, in do_block
    nodelist = parser.parse(("endblock",))
  File "C:\KTU_PS\Bakalauras\FolklorasProj\venv1\Lib\site-packages\django\template\base.py", line 510, in parse
    raise self.error(token, e)
  File "C:\KTU_PS\Bakalauras\FolklorasProj\venv1\Lib\site-packages\django\template\base.py", line 508, in parse
    compiled_result = compile_func(self, token)
  File "C:\KTU_PS\Bakalauras\FolklorasProj\venv1\Lib\site-packages\django\template\defaulttags.py", line 861, in do_for
    nodelist_loop = parser.parse(
        (
    ...<2 lines>...
        )
    )
  File "C:\KTU_PS\Bakalauras\FolklorasProj\venv1\Lib\site-packages\django\template\base.py", line 510, in parse
    raise self.error(token, e)
  File "C:\KTU_PS\Bakalauras\FolklorasProj\venv1\Lib\site-packages\django\template\base.py", line 508, in parse
    compiled_result = compile_func(self, token)
  File "C:\KTU_PS\Bakalauras\FolklorasProj\venv1\Lib\site-packages\django\template\defaulttags.py", line 1496, in do_with
    raise TemplateSyntaxError(
        "%r received an invalid token: %r" % (bits[0], remaining_bits[0])
    )
django.template.exceptions.TemplateSyntaxError: 'with' received an invalid token: 'in'
"GET /repeticijos/8/edit/ HTTP/1.1" 500 145
Internal Server Error: /repeticijos/8/edit/
Traceback (most recent call last):
  File "C:\KTU_PS\Bakalauras\FolklorasProj\venv1\Lib\site-packages\django\core\handlers\exception.py", line 55, in inner
    response = get_response(request)
  File "C:\KTU_PS\Bakalauras\FolklorasProj\venv1\Lib\site-packages\django\core\handlers\base.py", line 197, in _get_response
    response = wrapped_callback(request, *callback_args, **callback_kwargs)
  File "C:\KTU_PS\Bakalauras\FolklorasProj\venv1\Lib\site-packages\django\contrib\auth\decorators.py", line 23, in _wrapper_view
    return view_func(request, *args, **kwargs)
  File "C:\KTU_PS\Bakalauras\FolklorasProj\Repeticijos\views.py", line 86, in repeticija_edit
    return render(request, "repeticija_edit.html", {
        "repeticija": repeticija,
        "all_kuriniai": all_kuriniai,
        "ansambliai": ansambliai
    })
  File "C:\KTU_PS\Bakalauras\FolklorasProj\venv1\Lib\site-packages\django\shortcuts.py", line 25, in render
    content = loader.render_to_string(template_name, context, request, using=using)
  File "C:\KTU_PS\Bakalauras\FolklorasProj\venv1\Lib\site-packages\django\template\loader.py", line 61, in render_to_string
    template = get_template(template_name, using=using)
  File "C:\KTU_PS\Bakalauras\FolklorasProj\venv1\Lib\site-packages\django\template\loader.py", line 15, in get_template
    return engine.get_template(template_name)
           ~~~~~~~~~~~~~~~~~~~^^^^^^^^^^^^^^^
  File "C:\KTU_PS\Bakalauras\FolklorasProj\venv1\Lib\site-packages\django\template\backends\django.py", line 33, in get_template
    return Template(self.engine.get_template(template_name), self)
                    ~~~~~~~~~~~~~~~~~~~~~~~~^^^^^^^^^^^^^^^
  File "C:\KTU_PS\Bakalauras\FolklorasProj\venv1\Lib\site-packages\django\template\engine.py", line 177, in get_template
    template, origin = self.find_template(template_name)
                       ~~~~~~~~~~~~~~~~~~^^^^^^^^^^^^^^^
  File "C:\KTU_PS\Bakalauras\FolklorasProj\venv1\Lib\site-packages\django\template\engine.py", line 159, in find_template
    template = loader.get_template(name, skip=skip)
  File "C:\KTU_PS\Bakalauras\FolklorasProj\venv1\Lib\site-packages\django\template\loaders\cached.py", line 57, in get_template
    template = super().get_template(template_name, skip)
  File "C:\KTU_PS\Bakalauras\FolklorasProj\venv1\Lib\site-packages\django\template\loaders\base.py", line 28, in get_template
    return Template(
        contents,
    ...<2 lines>...
        self.engine,
    )
  File "C:\KTU_PS\Bakalauras\FolklorasProj\venv1\Lib\site-packages\django\template\base.py", line 154, in __init__
    self.nodelist = self.compile_nodelist()
                    ~~~~~~~~~~~~~~~~~~~~~^^
  File "C:\KTU_PS\Bakalauras\FolklorasProj\venv1\Lib\site-packages\django\template\base.py", line 196, in compile_nodelist
    return parser.parse()
           ~~~~~~~~~~~~^^
  File "C:\KTU_PS\Bakalauras\FolklorasProj\venv1\Lib\site-packages\django\template\base.py", line 510, in parse
    raise self.error(token, e)
  File "C:\KTU_PS\Bakalauras\FolklorasProj\venv1\Lib\site-packages\django\template\base.py", line 508, in parse
    compiled_result = compile_func(self, token)
  File "C:\KTU_PS\Bakalauras\FolklorasProj\venv1\Lib\site-packages\django\template\loader_tags.py", line 295, in do_extends
    nodelist = parser.parse()
  File "C:\KTU_PS\Bakalauras\FolklorasProj\venv1\Lib\site-packages\django\template\base.py", line 510, in parse
    raise self.error(token, e)
  File "C:\KTU_PS\Bakalauras\FolklorasProj\venv1\Lib\site-packages\django\template\base.py", line 508, in parse
    compiled_result = compile_func(self, token)
  File "C:\KTU_PS\Bakalauras\FolklorasProj\venv1\Lib\site-packages\django\template\loader_tags.py", line 234, in do_block
    nodelist = parser.parse(("endblock",))
  File "C:\KTU_PS\Bakalauras\FolklorasProj\venv1\Lib\site-packages\django\template\base.py", line 510, in parse
    raise self.error(token, e)
  File "C:\KTU_PS\Bakalauras\FolklorasProj\venv1\Lib\site-packages\django\template\base.py", line 508, in parse
    compiled_result = compile_func(self, token)
  File "C:\KTU_PS\Bakalauras\FolklorasProj\venv1\Lib\site-packages\django\template\defaulttags.py", line 861, in do_for
    nodelist_loop = parser.parse(
        (
    ...<2 lines>...
        )
    )
  File "C:\KTU_PS\Bakalauras\FolklorasProj\venv1\Lib\site-packages\django\template\base.py", line 510, in parse
    raise self.error(token, e)
  File "C:\KTU_PS\Bakalauras\FolklorasProj\venv1\Lib\site-packages\django\template\base.py", line 508, in parse
    compiled_result = compile_func(self, token)
  File "C:\KTU_PS\Bakalauras\FolklorasProj\venv1\Lib\site-packages\django\template\defaulttags.py", line 1496, in do_with
    raise TemplateSyntaxError(
        "%r received an invalid token: %r" % (bits[0], remaining_bits[0])
    )
django.template.exceptions.TemplateSyntaxError: 'with' received an invalid token: 'in'
"GET /repeticijos/8/edit/ HTTP/1.1" 500 145
Internal Server Error: /repeticijos/2/edit/
Traceback (most recent call last):
  File "C:\KTU_PS\Bakalauras\FolklorasProj\venv1\Lib\site-packages\django\core\handlers\exception.py", line 55, in inner
    response = get_response(request)
  File "C:\KTU_PS\Bakalauras\FolklorasProj\venv1\Lib\site-packages\django\core\handlers\base.py", line 197, in _get_response
    response = wrapped_callback(request, *callback_args, **callback_kwargs)
  File "C:\KTU_PS\Bakalauras\FolklorasProj\venv1\Lib\site-packages\django\contrib\auth\decorators.py", line 23, in _wrapper_view
    return view_func(request, *args, **kwargs)
  File "C:\KTU_PS\Bakalauras\FolklorasProj\Repeticijos\views.py", line 86, in repeticija_edit
    return render(request, "repeticija_edit.html", {
        "repeticija": repeticija,
        "all_kuriniai": all_kuriniai,
        "ansambliai": ansambliai
    })
  File "C:\KTU_PS\Bakalauras\FolklorasProj\venv1\Lib\site-packages\django\shortcuts.py", line 25, in render
    content = loader.render_to_string(template_name, context, request, using=using)
  File "C:\KTU_PS\Bakalauras\FolklorasProj\venv1\Lib\site-packages\django\template\loader.py", line 61, in render_to_string
    template = get_template(template_name, using=using)
  File "C:\KTU_PS\Bakalauras\FolklorasProj\venv1\Lib\site-packages\django\template\loader.py", line 15, in get_template
    return engine.get_template(template_name)
           ~~~~~~~~~~~~~~~~~~~^^^^^^^^^^^^^^^
  File "C:\KTU_PS\Bakalauras\FolklorasProj\venv1\Lib\site-packages\django\template\backends\django.py", line 33, in get_template
    return Template(self.engine.get_template(template_name), self)
                    ~~~~~~~~~~~~~~~~~~~~~~~~^^^^^^^^^^^^^^^
  File "C:\KTU_PS\Bakalauras\FolklorasProj\venv1\Lib\site-packages\django\template\engine.py", line 177, in get_template
    template, origin = self.find_template(template_name)
                       ~~~~~~~~~~~~~~~~~~^^^^^^^^^^^^^^^
  File "C:\KTU_PS\Bakalauras\FolklorasProj\venv1\Lib\site-packages\django\template\engine.py", line 159, in find_template
    template = loader.get_template(name, skip=skip)
  File "C:\KTU_PS\Bakalauras\FolklorasProj\venv1\Lib\site-packages\django\template\loaders\cached.py", line 57, in get_template
    template = super().get_template(template_name, skip)
  File "C:\KTU_PS\Bakalauras\FolklorasProj\venv1\Lib\site-packages\django\template\loaders\base.py", line 28, in get_template
    return Template(
        contents,
    ...<2 lines>...
        self.engine,
    )
  File "C:\KTU_PS\Bakalauras\FolklorasProj\venv1\Lib\site-packages\django\template\base.py", line 154, in __init__
    self.nodelist = self.compile_nodelist()
                    ~~~~~~~~~~~~~~~~~~~~~^^
  File "C:\KTU_PS\Bakalauras\FolklorasProj\venv1\Lib\site-packages\django\template\base.py", line 196, in compile_nodelist
    return parser.parse()
           ~~~~~~~~~~~~^^
  File "C:\KTU_PS\Bakalauras\FolklorasProj\venv1\Lib\site-packages\django\template\base.py", line 510, in parse
    raise self.error(token, e)
  File "C:\KTU_PS\Bakalauras\FolklorasProj\venv1\Lib\site-packages\django\template\base.py", line 508, in parse
    compiled_result = compile_func(self, token)
  File "C:\KTU_PS\Bakalauras\FolklorasProj\venv1\Lib\site-packages\django\template\loader_tags.py", line 295, in do_extends
    nodelist = parser.parse()
  File "C:\KTU_PS\Bakalauras\FolklorasProj\venv1\Lib\site-packages\django\template\base.py", line 510, in parse
    raise self.error(token, e)
  File "C:\KTU_PS\Bakalauras\FolklorasProj\venv1\Lib\site-packages\django\template\base.py", line 508, in parse
    compiled_result = compile_func(self, token)
  File "C:\KTU_PS\Bakalauras\FolklorasProj\venv1\Lib\site-packages\django\template\loader_tags.py", line 234, in do_block
    nodelist = parser.parse(("endblock",))
  File "C:\KTU_PS\Bakalauras\FolklorasProj\venv1\Lib\site-packages\django\template\base.py", line 510, in parse
    raise self.error(token, e)
  File "C:\KTU_PS\Bakalauras\FolklorasProj\venv1\Lib\site-packages\django\template\base.py", line 508, in parse
    compiled_result = compile_func(self, token)
  File "C:\KTU_PS\Bakalauras\FolklorasProj\venv1\Lib\site-packages\django\template\defaulttags.py", line 861, in do_for
    nodelist_loop = parser.parse(
        (
    ...<2 lines>...
        )
    )
  File "C:\KTU_PS\Bakalauras\FolklorasProj\venv1\Lib\site-packages\django\template\base.py", line 510, in parse
    raise self.error(token, e)
  File "C:\KTU_PS\Bakalauras\FolklorasProj\venv1\Lib\site-packages\django\template\base.py", line 508, in parse
    compiled_result = compile_func(self, token)
  File "C:\KTU_PS\Bakalauras\FolklorasProj\venv1\Lib\site-packages\django\template\defaulttags.py", line 1496, in do_with
    raise TemplateSyntaxError(
        "%r received an invalid token: %r" % (bits[0], remaining_bits[0])
    )
django.template.exceptions.TemplateSyntaxError: 'with' received an invalid token: 'in'
"GET /repeticijos/2/edit/ HTTP/1.1" 500 145
Internal Server Error: /repeticijos/2/edit/
Traceback (most recent call last):
  File "C:\KTU_PS\Bakalauras\FolklorasProj\venv1\Lib\site-packages\django\core\handlers\exception.py", line 55, in inner
    response = get_response(request)
  File "C:\KTU_PS\Bakalauras\FolklorasProj\venv1\Lib\site-packages\django\core\handlers\base.py", line 197, in _get_response
    response = wrapped_callback(request, *callback_args, **callback_kwargs)
  File "C:\KTU_PS\Bakalauras\FolklorasProj\venv1\Lib\site-packages\django\contrib\auth\decorators.py", line 23, in _wrapper_view
    return view_func(request, *args, **kwargs)
  File "C:\KTU_PS\Bakalauras\FolklorasProj\Repeticijos\views.py", line 86, in repeticija_edit
    return render(request, "repeticija_edit.html", {
        "repeticija": repeticija,
        "all_kuriniai": all_kuriniai,
        "ansambliai": ansambliai
    })
  File "C:\KTU_PS\Bakalauras\FolklorasProj\venv1\Lib\site-packages\django\shortcuts.py", line 25, in render
    content = loader.render_to_string(template_name, context, request, using=using)
  File "C:\KTU_PS\Bakalauras\FolklorasProj\venv1\Lib\site-packages\django\template\loader.py", line 61, in render_to_string
    template = get_template(template_name, using=using)
  File "C:\KTU_PS\Bakalauras\FolklorasProj\venv1\Lib\site-packages\django\template\loader.py", line 15, in get_template
    return engine.get_template(template_name)
           ~~~~~~~~~~~~~~~~~~~^^^^^^^^^^^^^^^
  File "C:\KTU_PS\Bakalauras\FolklorasProj\venv1\Lib\site-packages\django\template\backends\django.py", line 33, in get_template
    return Template(self.engine.get_template(template_name), self)
                    ~~~~~~~~~~~~~~~~~~~~~~~~^^^^^^^^^^^^^^^
  File "C:\KTU_PS\Bakalauras\FolklorasProj\venv1\Lib\site-packages\django\template\engine.py", line 177, in get_template
    template, origin = self.find_template(template_name)
                       ~~~~~~~~~~~~~~~~~~^^^^^^^^^^^^^^^
  File "C:\KTU_PS\Bakalauras\FolklorasProj\venv1\Lib\site-packages\django\template\engine.py", line 159, in find_template
    template = loader.get_template(name, skip=skip)
  File "C:\KTU_PS\Bakalauras\FolklorasProj\venv1\Lib\site-packages\django\template\loaders\cached.py", line 57, in get_template
    template = super().get_template(template_name, skip)
  File "C:\KTU_PS\Bakalauras\FolklorasProj\venv1\Lib\site-packages\django\template\loaders\base.py", line 28, in get_template
    return Template(
        contents,
    ...<2 lines>...
        self.engine,
    )
  File "C:\KTU_PS\Bakalauras\FolklorasProj\venv1\Lib\site-packages\django\template\base.py", line 154, in __init__
    self.nodelist = self.compile_nodelist()
                    ~~~~~~~~~~~~~~~~~~~~~^^
  File "C:\KTU_PS\Bakalauras\FolklorasProj\venv1\Lib\site-packages\django\template\base.py", line 196, in compile_nodelist
    return parser.parse()
           ~~~~~~~~~~~~^^
  File "C:\KTU_PS\Bakalauras\FolklorasProj\venv1\Lib\site-packages\django\template\base.py", line 510, in parse
    raise self.error(token, e)
  File "C:\KTU_PS\Bakalauras\FolklorasProj\venv1\Lib\site-packages\django\template\base.py", line 508, in parse
    compiled_result = compile_func(self, token)
  File "C:\KTU_PS\Bakalauras\FolklorasProj\venv1\Lib\site-packages\django\template\loader_tags.py", line 295, in do_extends
    nodelist = parser.parse()
  File "C:\KTU_PS\Bakalauras\FolklorasProj\venv1\Lib\site-packages\django\template\base.py", line 510, in parse
    raise self.error(token, e)
  File "C:\KTU_PS\Bakalauras\FolklorasProj\venv1\Lib\site-packages\django\template\base.py", line 508, in parse
    compiled_result = compile_func(self, token)
  File "C:\KTU_PS\Bakalauras\FolklorasProj\venv1\Lib\site-packages\django\template\loader_tags.py", line 234, in do_block
    nodelist = parser.parse(("endblock",))
  File "C:\KTU_PS\Bakalauras\FolklorasProj\venv1\Lib\site-packages\django\template\base.py", line 510, in parse
    raise self.error(token, e)
  File "C:\KTU_PS\Bakalauras\FolklorasProj\venv1\Lib\site-packages\django\template\base.py", line 508, in parse
    compiled_result = compile_func(self, token)
  File "C:\KTU_PS\Bakalauras\FolklorasProj\venv1\Lib\site-packages\django\template\defaulttags.py", line 861, in do_for
    nodelist_loop = parser.parse(
        (
    ...<2 lines>...
        )
    )
  File "C:\KTU_PS\Bakalauras\FolklorasProj\venv1\Lib\site-packages\django\template\base.py", line 510, in parse
    raise self.error(token, e)
  File "C:\KTU_PS\Bakalauras\FolklorasProj\venv1\Lib\site-packages\django\template\base.py", line 508, in parse
    compiled_result = compile_func(self, token)
  File "C:\KTU_PS\Bakalauras\FolklorasProj\venv1\Lib\site-packages\django\template\defaulttags.py", line 1496, in do_with
    raise TemplateSyntaxError(
        "%r received an invalid token: %r" % (bits[0], remaining_bits[0])
    )
django.template.exceptions.TemplateSyntaxError: 'with' received an invalid token: 'in'
"GET /repeticijos/2/edit/ HTTP/1.1" 500 230431
Internal Server Error: /repeticijos/2/edit/
Traceback (most recent call last):
  File "C:\KTU_PS\Bakalauras\FolklorasProj\venv1\Lib\site-packages\django\core\handlers\exception.py", line 55, in inner
    response = get_response(request)
  File "C:\KTU_PS\Bakalauras\FolklorasProj\venv1\Lib\site-packages\django\core\handlers\base.py", line 197, in _get_response
    response = wrapped_callback(request, *callback_args, **callback_kwargs)
  File "C:\KTU_PS\Bakalauras\FolklorasProj\venv1\Lib\site-packages\django\contrib\auth\decorators.py", line 23, in _wrapper_view
    return view_func(request, *args, **kwargs)
  File "C:\KTU_PS\Bakalauras\FolklorasProj\Repeticijos\views.py", line 86, in repeticija_edit
    return render(request, "repeticija_edit.html", {
        "repeticija": repeticija,
        "all_kuriniai": all_kuriniai,
        "ansambliai": ansambliai
    })
  File "C:\KTU_PS\Bakalauras\FolklorasProj\venv1\Lib\site-packages\django\shortcuts.py", line 25, in render
    content = loader.render_to_string(template_name, context, request, using=using)
  File "C:\KTU_PS\Bakalauras\FolklorasProj\venv1\Lib\site-packages\django\template\loader.py", line 61, in render_to_string
    template = get_template(template_name, using=using)
  File "C:\KTU_PS\Bakalauras\FolklorasProj\venv1\Lib\site-packages\django\template\loader.py", line 15, in get_template
    return engine.get_template(template_name)
           ~~~~~~~~~~~~~~~~~~~^^^^^^^^^^^^^^^
  File "C:\KTU_PS\Bakalauras\FolklorasProj\venv1\Lib\site-packages\django\template\backends\django.py", line 33, in get_template
    return Template(self.engine.get_template(template_name), self)
                    ~~~~~~~~~~~~~~~~~~~~~~~~^^^^^^^^^^^^^^^
  File "C:\KTU_PS\Bakalauras\FolklorasProj\venv1\Lib\site-packages\django\template\engine.py", line 177, in get_template
    template, origin = self.find_template(template_name)
                       ~~~~~~~~~~~~~~~~~~^^^^^^^^^^^^^^^
  File "C:\KTU_PS\Bakalauras\FolklorasProj\venv1\Lib\site-packages\django\template\engine.py", line 159, in find_template
    template = loader.get_template(name, skip=skip)
  File "C:\KTU_PS\Bakalauras\FolklorasProj\venv1\Lib\site-packages\django\template\loaders\cached.py", line 57, in get_template
    template = super().get_template(template_name, skip)
  File "C:\KTU_PS\Bakalauras\FolklorasProj\venv1\Lib\site-packages\django\template\loaders\base.py", line 28, in get_template
    return Template(
        contents,
    ...<2 lines>...
        self.engine,
    )
  File "C:\KTU_PS\Bakalauras\FolklorasProj\venv1\Lib\site-packages\django\template\base.py", line 154, in __init__
    self.nodelist = self.compile_nodelist()
                    ~~~~~~~~~~~~~~~~~~~~~^^
  File "C:\KTU_PS\Bakalauras\FolklorasProj\venv1\Lib\site-packages\django\template\base.py", line 196, in compile_nodelist
    return parser.parse()
           ~~~~~~~~~~~~^^
  File "C:\KTU_PS\Bakalauras\FolklorasProj\venv1\Lib\site-packages\django\template\base.py", line 510, in parse
    raise self.error(token, e)
  File "C:\KTU_PS\Bakalauras\FolklorasProj\venv1\Lib\site-packages\django\template\base.py", line 508, in parse
    compiled_result = compile_func(self, token)
  File "C:\KTU_PS\Bakalauras\FolklorasProj\venv1\Lib\site-packages\django\template\loader_tags.py", line 295, in do_extends
    nodelist = parser.parse()
  File "C:\KTU_PS\Bakalauras\FolklorasProj\venv1\Lib\site-packages\django\template\base.py", line 510, in parse
    raise self.error(token, e)
  File "C:\KTU_PS\Bakalauras\FolklorasProj\venv1\Lib\site-packages\django\template\base.py", line 508, in parse
    compiled_result = compile_func(self, token)
  File "C:\KTU_PS\Bakalauras\FolklorasProj\venv1\Lib\site-packages\django\template\loader_tags.py", line 234, in do_block
    nodelist = parser.parse(("endblock",))
  File "C:\KTU_PS\Bakalauras\FolklorasProj\venv1\Lib\site-packages\django\template\base.py", line 510, in parse
    raise self.error(token, e)
  File "C:\KTU_PS\Bakalauras\FolklorasProj\venv1\Lib\site-packages\django\template\base.py", line 508, in parse
    compiled_result = compile_func(self, token)
  File "C:\KTU_PS\Bakalauras\FolklorasProj\venv1\Lib\site-packages\django\template\defaulttags.py", line 861, in do_for
    nodelist_loop = parser.parse(
        (
    ...<2 lines>...
        )
    )
  File "C:\KTU_PS\Bakalauras\FolklorasProj\venv1\Lib\site-packages\django\template\base.py", line 510, in parse
    raise self.error(token, e)
  File "C:\KTU_PS\Bakalauras\FolklorasProj\venv1\Lib\site-packages\django\template\base.py", line 508, in parse
    compiled_result = compile_func(self, token)
  File "C:\KTU_PS\Bakalauras\FolklorasProj\venv1\Lib\site-packages\django\template\defaulttags.py", line 1496, in do_with
    raise TemplateSyntaxError(
        "%r received an invalid token: %r" % (bits[0], remaining_bits[0])
    )
django.template.exceptions.TemplateSyntaxError: 'with' received an invalid token: 'in'
"GET /repeticijos/2/edit/ HTTP/1.1" 500 145
Internal Server Error: /repeticijos/2/edit/
"POST /repeticijos/2/edit/ HTTP/1.1" 500 50
Internal Server Error: /repeticijos/add/
"POST /repeticijos/add/ HTTP/1.1" 500 50
Internal Server Error: /repeticijos/add/
"POST /repeticijos/add/ HTTP/1.1" 500 50
Internal Server Error: /repeticijos/add/
"POST /repeticijos/add/ HTTP/1.1" 500 89
Internal Server Error: /repeticijos/add/
"POST /repeticijos/add/ HTTP/1.1" 500 89
Internal Server Error: /repeticijos/add/
"POST /repeticijos/add/ HTTP/1.1" 500 89
Internal Server Error: /repeticijos/12/
Traceback (most recent call last):
  File "C:\KTU_PS\Bakalauras\FolklorasProj\venv1\Lib\site-packages\django\core\handlers\exception.py", line 55, in inner
    response = get_response(request)
  File "C:\KTU_PS\Bakalauras\FolklorasProj\venv1\Lib\site-packages\django\core\handlers\base.py", line 197, in _get_response
    response = wrapped_callback(request, *callback_args, **callback_kwargs)
  File "C:\KTU_PS\Bakalauras\FolklorasProj\Repeticijos\views.py", line 117, in repeticija_detail
    return render(request, 'repeticija_detail.html', {'repeticija': repeticija})
  File "C:\KTU_PS\Bakalauras\FolklorasProj\venv1\Lib\site-packages\django\shortcuts.py", line 25, in render
    content = loader.render_to_string(template_name, context, request, using=using)
  File "C:\KTU_PS\Bakalauras\FolklorasProj\venv1\Lib\site-packages\django\template\loader.py", line 61, in render_to_string
    template = get_template(template_name, using=using)
  File "C:\KTU_PS\Bakalauras\FolklorasProj\venv1\Lib\site-packages\django\template\loader.py", line 15, in get_template
    return engine.get_template(template_name)
           ~~~~~~~~~~~~~~~~~~~^^^^^^^^^^^^^^^
  File "C:\KTU_PS\Bakalauras\FolklorasProj\venv1\Lib\site-packages\django\template\backends\django.py", line 33, in get_template
    return Template(self.engine.get_template(template_name), self)
                    ~~~~~~~~~~~~~~~~~~~~~~~~^^^^^^^^^^^^^^^
  File "C:\KTU_PS\Bakalauras\FolklorasProj\venv1\Lib\site-packages\django\template\engine.py", line 177, in get_template
    template, origin = self.find_template(template_name)
                       ~~~~~~~~~~~~~~~~~~^^^^^^^^^^^^^^^
  File "C:\KTU_PS\Bakalauras\FolklorasProj\venv1\Lib\site-packages\django\template\engine.py", line 159, in find_template
    template = loader.get_template(name, skip=skip)
  File "C:\KTU_PS\Bakalauras\FolklorasProj\venv1\Lib\site-packages\django\template\loaders\cached.py", line 57, in get_template
    template = super().get_template(template_name, skip)
  File "C:\KTU_PS\Bakalauras\FolklorasProj\venv1\Lib\site-packages\django\template\loaders\base.py", line 28, in get_template
    return Template(
        contents,
    ...<2 lines>...
        self.engine,
    )
  File "C:\KTU_PS\Bakalauras\FolklorasProj\venv1\Lib\site-packages\django\template\base.py", line 154, in __init__
    self.nodelist = self.compile_nodelist()
                    ~~~~~~~~~~~~~~~~~~~~~^^
  File "C:\KTU_PS\Bakalauras\FolklorasProj\venv1\Lib\site-packages\django\template\base.py", line 196, in compile_nodelist
    return parser.parse()
           ~~~~~~~~~~~~^^
  File "C:\KTU_PS\Bakalauras\FolklorasProj\venv1\Lib\site-packages\django\template\base.py", line 510, in parse
    raise self.error(token, e)
  File "C:\KTU_PS\Bakalauras\FolklorasProj\venv1\Lib\site-packages\django\template\base.py", line 508, in parse
    compiled_result = compile_func(self, token)
  File "C:\KTU_PS\Bakalauras\FolklorasProj\venv1\Lib\site-packages\django\template\loader_tags.py", line 295, in do_extends
    nodelist = parser.parse()
  File "C:\KTU_PS\Bakalauras\FolklorasProj\venv1\Lib\site-packages\django\template\base.py", line 510, in parse
    raise self.error(token, e)
  File "C:\KTU_PS\Bakalauras\FolklorasProj\venv1\Lib\site-packages\django\template\base.py", line 508, in parse
    compiled_result = compile_func(self, token)
  File "C:\KTU_PS\Bakalauras\FolklorasProj\venv1\Lib\site-packages\django\template\loader_tags.py", line 234, in do_block
    nodelist = parser.parse(("endblock",))
  File "C:\KTU_PS\Bakalauras\FolklorasProj\venv1\Lib\site-packages\django\template\base.py", line 510, in parse
    raise self.error(token, e)
  File "C:\KTU_PS\Bakalauras\FolklorasProj\venv1\Lib\site-packages\django\template\base.py", line 508, in parse
    compiled_result = compile_func(self, token)
  File "C:\KTU_PS\Bakalauras\FolklorasProj\venv1\Lib\site-packages\django\template\defaulttags.py", line 1499, in do_with
    nodelist = parser.parse(("endwith",))
  File "C:\KTU_PS\Bakalauras\FolklorasProj\venv1\Lib\site-packages\django\template\base.py", line 510, in parse
    raise self.error(token, e)
  File "C:\KTU_PS\Bakalauras\FolklorasProj\venv1\Lib\site-packages\django\template\base.py", line 508, in parse
    compiled_result = compile_func(self, token)
  File "C:\KTU_PS\Bakalauras\FolklorasProj\venv1\Lib\site-packages\django\template\defaulttags.py", line 861, in do_for
    nodelist_loop = parser.parse(
        (
    ...<2 lines>...
        )
    )
  File "C:\KTU_PS\Bakalauras\FolklorasProj\venv1\Lib\site-packages\django\template\base.py", line 510, in parse
    raise self.error(token, e)
  File "C:\KTU_PS\Bakalauras\FolklorasProj\venv1\Lib\site-packages\django\template\base.py", line 508, in parse
    compiled_result = compile_func(self, token)
  File "C:\KTU_PS\Bakalauras\FolklorasProj\venv1\Lib\site-packages\django\template\defaulttags.py", line 961, in do_if
    nodelist = parser.parse(("elif", "else", "endif"))
  File "C:\KTU_PS\Bakalauras\FolklorasProj\venv1\Lib\site-packages\django\template\base.py", line 510, in parse
    raise self.error(token, e)
  File "C:\KTU_PS\Bakalauras\FolklorasProj\venv1\Lib\site-packages\django\template\base.py", line 508, in parse
    compiled_result = compile_func(self, token)
  File "C:\KTU_PS\Bakalauras\FolklorasProj\venv1\Lib\site-packages\django\template\defaulttags.py", line 1490, in do_with
    extra_context = token_kwargs(remaining_bits, parser, support_legacy=True)
  File "C:\KTU_PS\Bakalauras\FolklorasProj\venv1\Lib\site-packages\django\template\base.py", line 1111, in token_kwargs
    kwargs[key] = parser.compile_filter(value)
                  ~~~~~~~~~~~~~~~~~~~~~^^^^^^^
  File "C:\KTU_PS\Bakalauras\FolklorasProj\venv1\Lib\site-packages\django\template\base.py", line 597, in compile_filter
    return FilterExpression(token, self)
  File "C:\KTU_PS\Bakalauras\FolklorasProj\venv1\Lib\site-packages\django\template\base.py", line 693, in __init__
    filter_func = parser.find_filter(filter_name)
  File "C:\KTU_PS\Bakalauras\FolklorasProj\venv1\Lib\site-packages\django\template\base.py", line 603, in find_filter
    raise TemplateSyntaxError("Invalid filter: '%s'" % filter_name)
django.template.exceptions.TemplateSyntaxError: Invalid filter: 'int'
"GET /repeticijos/12/ HTTP/1.1" 500 269237
